Log file open, 06/25/16 16:34:17
LogInit:Display: Running engine for game: Videojuegos3
LogPlatformFile: Not using cached read wrapper
LogInit:Display: RandInit(-843155418) SRandInit(-843155416).
LogTaskGraph: Started task graph with 4 named threads and 5 total threads.
LogStats: Stats thread started at 0.077457
LogInit: Version: 4.11.2-2946394+++UE4+Release-4.11
LogInit: API Version: 2927265
LogInit: Compiled (64-bit): Apr 18 2016 02:18:46
LogInit: Compiled with Visual C++: 19.00.23026.00
LogInit: Build Configuration: Development
LogInit: Branch Name: ++UE4+Release-4.11
LogInit: Command line: 
LogInit: Base directory: C:/Program Files (x86)/Epic Games/4.11/Engine/Binaries/Win64/
LogInit: Installed Engine Build: 1
LogInit: Using libcurl 7.41.0
LogInit:  - built for x86_64-pc-win32
LogInit:  - supports SSL with WinSSL
LogInit:  - other features:
LogInit:      CURL_VERSION_SSL
LogInit:      CURL_VERSION_IPV6
LogInit:      CURL_VERSION_ASYNCHDNS
LogInit:      CURL_VERSION_LARGEFILE
LogInit:      CURL_VERSION_IDN
LogInit:  CurlRequestOptions (configurable via config and command line):
LogInit:  - bVerifyPeer = true  - Libcurl will verify peer certificate
LogInit:  - bUseHttpProxy = false  - Libcurl will NOT use HTTP proxy
LogInit:  - bDontReuseConnections = false  - Libcurl will reuse connections
LogInit:  - CertBundlePath = nullptr  - Libcurl will use whatever was configured at build time.
LogInit: Presizing for max 16777216 objects, including 0 objects not considered by GC, pre-allocating 0 bytes for permanent pool.
LogInit: Object subsystem initialized
[2016.06.25-21.34.17:533][  0]LogInit: Selected Device Profile: [Windows]
[2016.06.25-21.34.17:533][  0]LogInit: Applying CVar settings loaded from the selected device profile: [Windows]
[2016.06.25-21.34.17:559][  0]LogInit: Computer: METAL_REAR
[2016.06.25-21.34.17:559][  0]LogInit: User: Kevin
[2016.06.25-21.34.17:559][  0]LogInit: CPU Page size=65536, Cores=2
[2016.06.25-21.34.17:559][  0]LogInit: High frequency timer resolution =2.143472 MHz
[2016.06.25-21.34.17:559][  0]LogMemory: Memory total: Physical=7.9GB (8GB approx)
[2016.06.25-21.34.17:559][  0]LogMemory: Platform Memory Stats for Windows
[2016.06.25-21.34.17:559][  0]LogMemory: Process Physical Memory: 312.46 MB used, 312.46 MB peak
[2016.06.25-21.34.17:559][  0]LogMemory: Process Virtual Memory: 315.60 MB used, 315.60 MB peak
[2016.06.25-21.34.17:559][  0]LogMemory: Physical Memory: 5310.34 MB used, 8105.84 MB total
[2016.06.25-21.34.17:559][  0]LogMemory: Virtual Memory: 652.05 MB used, 134217728.00 MB total
[2016.06.25-21.34.17:591][  0]LogTextLocalizationManager: No specific translations for ('es-MX') exist, so ('es') translations will be used.
[2016.06.25-21.34.17:899][  0]LogD3D11RHI: D3D11 adapters:
[2016.06.25-21.34.17:911][  0]LogD3D11RHI:    0. 'Intel(R) HD Graphics 5500' (Feature Level 11_0)
[2016.06.25-21.34.17:911][  0]LogD3D11RHI:       128MB of dedicated video memory, 0MB of dedicated system memory, and 4052MB of shared system memory, 1 output[s]
[2016.06.25-21.34.18:460][  0]LogD3D11RHI:    1. 'AMD Radeon R9 M275' (Feature Level 11_0)
[2016.06.25-21.34.18:460][  0]LogD3D11RHI:       2026MB of dedicated video memory, 0MB of dedicated system memory, and 4052MB of shared system memory, 0 output[s]
[2016.06.25-21.34.18:461][  0]LogD3D11RHI:    2. 'Microsoft Basic Render Driver' (Feature Level 11_0)
[2016.06.25-21.34.18:461][  0]LogD3D11RHI:       0MB of dedicated video memory, 0MB of dedicated system memory, and 4052MB of shared system memory, 0 output[s]
[2016.06.25-21.34.18:461][  0]LogD3D11RHI: Chosen D3D11 Adapter: 0
[2016.06.25-21.34.18:468][  0]LogD3D11RHI: Creating new Direct3DDevice
[2016.06.25-21.34.18:469][  0]LogD3D11RHI:     Adapter Name: Intel(R) HD Graphics 5500
[2016.06.25-21.34.18:469][  0]LogD3D11RHI:   Driver Version: 20.19.15.4331 (internal 20.19.15.4331)
[2016.06.25-21.34.18:469][  0]LogD3D11RHI:      Driver Date: 11-18-2015
[2016.06.25-21.34.18:469][  0]LogRHI: Texture pool is 1361 MB (70% of 1945 MB)
[2016.06.25-21.34.18:473][  0]LogD3D11RHI: Async texture creation enabled
[2016.06.25-21.34.18:478][  0]LogShaderCompilers: Guid format shader working directory is -27 characters bigger than the processId version (../../../../../../Users/Kevin/Documents/GitHub/Videojuegos_3/Videojuegos3/Intermediate/Shaders/WorkingDirectory/5776/).
[2016.06.25-21.34.18:478][  0]LogShaderCompilers: Cleaned the shader compiler working directory 'C:/Users/Kevin/AppData/Local/Temp/UnrealShaderWorkingDir/0C161A7D4A65287277002699ADA11966/'.
[2016.06.25-21.34.18:478][  0]LogShaderCompilers:Display: Using Local Shader Compiler.
[2016.06.25-21.34.19:710][  0]LogTemp:Display: Loaded TP AllDesktopTargetPlatform
[2016.06.25-21.34.19:716][  0]LogTemp:Display: Loaded TP WindowsClientTargetPlatform
[2016.06.25-21.34.19:722][  0]LogTemp:Display: Loaded TP WindowsNoEditorTargetPlatform
[2016.06.25-21.34.19:727][  0]LogTemp:Display: Loaded TP WindowsServerTargetPlatform
[2016.06.25-21.34.19:733][  0]LogTemp:Display: Loaded TP WindowsTargetPlatform
[2016.06.25-21.34.19:736][  0]LogTemp:Display: Loaded TP AndroidTargetPlatform
[2016.06.25-21.34.19:741][  0]LogTemp:Display: Loaded TP Android_ASTCTargetPlatform
[2016.06.25-21.34.19:744][  0]LogTemp:Display: Loaded TP Android_ATCTargetPlatform
[2016.06.25-21.34.19:748][  0]LogTemp:Display: Loaded TP Android_DXTTargetPlatform
[2016.06.25-21.34.19:752][  0]LogTemp:Display: Loaded TP Android_ETC1TargetPlatform
[2016.06.25-21.34.19:756][  0]LogTemp:Display: Loaded TP Android_ETC2TargetPlatform
[2016.06.25-21.34.19:763][  0]LogTemp:Display: Loaded TP Android_MultiTargetPlatform
[2016.06.25-21.34.19:763][  0]LogTemp:Display: Loaded TP Android_PVRTCTargetPlatform
[2016.06.25-21.34.19:764][  0]LogTemp:Display: Loaded TP HTML5TargetPlatform
[2016.06.25-21.34.19:783][  0]LogTemp:Display: Loaded TP IOSTargetPlatform
[2016.06.25-21.34.19:786][  0]LogTemp:Display: Loaded TP TVOSTargetPlatform
[2016.06.25-21.34.19:790][  0]LogTemp:Display: Loaded TP LinuxNoEditorTargetPlatform
[2016.06.25-21.34.19:793][  0]LogTemp:Display: Loaded TP LinuxServerTargetPlatform
[2016.06.25-21.34.19:796][  0]LogTemp:Display: Loaded TP LinuxTargetPlatform
[2016.06.25-21.34.19:797][  0]LogTargetPlatformManager:Display: Building Assets For Windows
[2016.06.25-21.34.19:880][  0]LogDerivedDataCache:Display: Max Cache Size: 512 MB
[2016.06.25-21.34.21:498][  0]LogDerivedDataCache: Loaded boot cache 1.62s 46MB C:/Users/Kevin/AppData/Local/UnrealEngine/4.11/DerivedDataCache/Boot.ddc.
[2016.06.25-21.34.21:498][  0]LogDerivedDataCache:Display: Loaded Boot cache: C:/Users/Kevin/AppData/Local/UnrealEngine/4.11/DerivedDataCache/Boot.ddc
[2016.06.25-21.34.21:498][  0]LogDerivedDataCache: FDerivedDataBackendGraph:  Pak pak cache file ../../../../../../Users/Kevin/Documents/GitHub/Videojuegos_3/Videojuegos3/DerivedDataCache/DDC.ddp not found, will not use a pak cache.
[2016.06.25-21.34.21:498][  0]LogDerivedDataCache: Unable to find inner node Pak for hierarchical cache Hierarchy.
[2016.06.25-21.34.21:499][  0]LogDerivedDataCache: FDerivedDataBackendGraph:  CompressedPak pak cache file ../../../../../../Users/Kevin/Documents/GitHub/Videojuegos_3/Videojuegos3/DerivedDataCache/Compressed.ddp not found, will not use a pak cache.
[2016.06.25-21.34.21:499][  0]LogDerivedDataCache: Unable to find inner node CompressedPak for hierarchical cache Hierarchy.
[2016.06.25-21.34.21:521][  0]LogDerivedDataCache:Display: Pak cache opened for reading ../../../Engine/DerivedDataCache/Compressed.ddp.
[2016.06.25-21.34.21:533][  0]LogDerivedDataCache: Using Local data cache path C:/Users/Kevin/AppData/Local/UnrealEngine/Common/DerivedDataCache: Writable
[2016.06.25-21.34.21:741][  0]LogInit: Selected Device Profile: [Windows]
[2016.06.25-21.34.21:742][  0]LogContentStreaming: Texture pool size is 0.00 MB
[2016.06.25-21.34.21:784][  0]LogMaterial: Uniform references updated for custom material expression Custom.
[2016.06.25-21.34.21:945][  0]LogMeshUtilities: No automatic mesh reduction module available
[2016.06.25-21.34.21:945][  0]LogMeshUtilities: No automatic mesh merging module available
[2016.06.25-21.34.21:945][  0]LogMeshUtilities: No distributed automatic mesh merging module available
[2016.06.25-21.34.22:343][  0]LogUObjectArray: 27679 objects as part of root set at end of initial load.
[2016.06.25-21.34.22:343][  0]LogUObjectAllocator: 5591600 out of 0 bytes used by permanent object pool.
[2016.06.25-21.34.22:343][  0]LogUObjectArray: CloseDisregardForGC: 0/0 objects in disregard for GC pool
[2016.06.25-21.34.22:350][  0]LogInit: WinSock: version 1.1 (2.2), MaxSocks=32767, MaxUdp=65467
[2016.06.25-21.34.22:590][  0]LogSlate: SlateFontCache - WITH_FREETYPE: 1, WITH_HARFBUZZ: 1
[2016.06.25-21.34.22:590][  0]LogSlate: SlateFontCache - WITH_FREETYPE: 1, WITH_HARFBUZZ: 1
[2016.06.25-21.34.26:662][  0]LogStreaming:Warning: Failed to read file '../../../Engine/Content/Editor/Slate/Common/Selection_16x.png' error.
[2016.06.25-21.34.26:662][  0]LogSlate: Could not find file for Slate resource: ../../../Engine/Content/Editor/Slate/Common/Selection_16x.png
[2016.06.25-21.34.26:662][  0]LogStreaming:Warning: Failed to read file '../../../Engine/Content/Editor/Slate/Common/Selection_16x.png' error.
[2016.06.25-21.34.26:662][  0]LogSlate: Could not find file for Slate resource: ../../../Engine/Content/Editor/Slate/Common/Selection_16x.png
[2016.06.25-21.34.26:662][  0]LogStreaming:Warning: Failed to read file '../../../Engine/Content/Editor/Slate/Common/Selection_16x.png' error.
[2016.06.25-21.34.26:662][  0]LogSlate: Could not find file for Slate resource: ../../../Engine/Content/Editor/Slate/Common/Selection_16x.png
[2016.06.25-21.34.32:647][  0]LogUdpMessaging: Initializing bridge on interface 0.0.0.0:0 to multicast group 230.0.0.1:6666.
[2016.06.25-21.34.32:942][  0]LogAssetRegistry: FAssetRegistry took 0.0216 seconds to start up
[2016.06.25-21.34.33:110][  0]SourceControl: Información El control de código fuente está desactivado
[2016.06.25-21.34.33:149][  0]SourceControl: Información El control de código fuente está desactivado
[2016.06.25-21.34.33:159][  0]SourceControl: Información El control de código fuente está desactivado
[2016.06.25-21.34.33:167][  0]SourceControl: Información El control de código fuente está desactivado
[2016.06.25-21.34.33:437][  0]LogHMD: Failed to initialize OpenVR with code 110
[2016.06.25-21.34.33:563][  0]LogEngine: Initializing Engine...
[2016.06.25-21.34.33:740][  0]LogAIModule: Creating AISystem for world NewWorld
[2016.06.25-21.34.33:746][  0]LogInit: XAudio2 using 'Altavoces (Realtek High Definition Audio)' : 2 channels at 48 kHz using 32 bits per sample (channel mask 0x3)
[2016.06.25-21.34.33:777][  0]LogInit: FAudioDevice initialized.
[2016.06.25-21.34.33:855][  0]LogDerivedDataCache: Saved boot cache 0.08s 46MB C:/Users/Kevin/AppData/Local/UnrealEngine/4.11/DerivedDataCache/Boot.ddc.
[2016.06.25-21.34.33:863][  0]LogInit: Texture streaming: Enabled
[2016.06.25-21.34.33:956][  0]LogInit: Transaction tracking system initialized
[2016.06.25-21.34.33:984][  0]BlueprintLog: New page: Cargar el editor
[2016.06.25-21.34.34:858][  0]LocalizationService: Información Localization service is disabled
[2016.06.25-21.34.35:306][  0]LogConsoleResponse:Display: 
[2016.06.25-21.34.36:313][  0]LogCook:Display: Max memory allowance for cook 8192mb
[2016.06.25-21.34.36:313][  0]LogCook:Display: Mobile HDR setting 1
[2016.06.25-21.34.36:313][  0]LogCook:Display: Done creating registry. It took  0.00s.
[2016.06.25-21.34.36:474][  0]LogFileCache: Scanning file cache for directory 'C:/Users/Kevin/Documents/GitHub/Videojuegos_3/Videojuegos3/Content/' took 0.02s
[2016.06.25-21.34.36:474][  0]SourceControl: Información El control de código fuente está desactivado
[2016.06.25-21.34.36:474][  0]Cmd: MAP LOAD FILE="../../../../../../Users/Kevin/Documents/GitHub/Videojuegos_3/Videojuegos3/Content/FirstPersonBP/Maps/FirstPersonExampleMap.umap" TEMPLATE=0 SHOWPROGRESS=1 FEATURELEVEL=3
[2016.06.25-21.34.36:544][  0]LightingResults: New page: Diseñar la iluminación
[2016.06.25-21.34.36:548][  0]MapCheck: New page: Revisión del mapa
[2016.06.25-21.34.36:548][  0]LightingResults: New page: Diseñar la iluminación
[2016.06.25-21.34.39:002][  0]ImportText (DirectionFire): Missing opening parenthesis: 
[2016.06.25-21.34.39:059][  0]ImportText (DirectionFire): Missing opening parenthesis: 
[2016.06.25-21.34.43:279][  0]LogAIModule: Creating AISystem for world FirstPersonExampleMap
[2016.06.25-21.34.43:667][  0]LogEditorServer: Finished looking for orphan Actors (0.000 secs)
[2016.06.25-21.34.43:682][  0]Cmd: MAP CHECKDEP NOCLEARLOG
[2016.06.25-21.34.43:732][  0]MapCheck: Información Map check complete: 0 Error(s), 0 Warning(s), took 49.926ms to complete.
[2016.06.25-21.34.43:732][  0]LogFileHelpers: Loading map 'FirstPersonExampleMap' took 7.257
[2016.06.25-21.34.44:644][  0]LogCollectionManager: Loaded 0 collections in 0.001933 seconds
[2016.06.25-21.34.44:786][  0]LogFileCache: Scanning file cache for directory 'C:/Users/Kevin/Documents/GitHub/Videojuegos_3/Videojuegos3/Saved/Collections/' took 0.01s
[2016.06.25-21.34.44:786][  0]LogFileCache: Scanning file cache for directory 'C:/Users/Kevin/Documents/GitHub/Videojuegos_3/Videojuegos3/Content/Developers/Kevin/Collections/' took 0.01s
[2016.06.25-21.34.44:786][  0]LogFileCache: Scanning file cache for directory 'C:/Users/Kevin/Documents/GitHub/Videojuegos_3/Videojuegos3/Content/Collections/' took 0.01s
[2016.06.25-21.34.44:786][  0]LogCollectionManager: Rebuilt the GUID cache for 0 collections in 0.000003 seconds
[2016.06.25-21.34.44:794][  0]LogContentBrowser: Native class hierarchy populated in 0.0086 seconds. Added 1979 classes and 343 folders.
[2016.06.25-21.34.44:845][  0]LogStats: UGameplayTagsManager::ConstructGameplayTagTree: Construct from data asset -  0.000 s
[2016.06.25-21.34.44:845][  0]LogStats: UGameplayTagsManager::ConstructGameplayTagTree: GameplayTagTreeChangedEvent.Broadcast -  0.000 s
[2016.06.25-21.34.44:846][  0]LogContentBrowser: Native class hierarchy updated for 'GameplayTags' in 0.0005 seconds. Added 12 classes and 0 folders.
[2016.06.25-21.34.44:866][  0]LogContentBrowser: Native class hierarchy updated for 'WidgetCarousel' in 0.0003 seconds. Added 0 classes and 0 folders.
[2016.06.25-21.34.45:001][  0]LogContentBrowser: Native class hierarchy updated for 'SuperSearch' in 0.0004 seconds. Added 1 classes and 2 folders.
[2016.06.25-21.34.46:644][  0]LogContentBrowser: Native class hierarchy updated for 'AddContentDialog' in 0.0004 seconds. Added 0 classes and 0 folders.
[2016.06.25-21.34.46:760][  0]LogContentBrowser: Native class hierarchy updated for 'SceneOutliner' in 0.0004 seconds. Added 1 classes and 2 folders.
[2016.06.25-21.34.47:863][  0]LogCrashTracker: Crashtracker disabled due to settings.
[2016.06.25-21.34.48:002][  0]LogUObjectGlobals:Warning: Error al encontrar el objeto 'Class Ninguno.'
[2016.06.25-21.34.48:039][  0]LogContentBrowser: Native class hierarchy updated for 'HierarchicalLODOutliner' in 0.0004 seconds. Added 1 classes and 2 folders.
[2016.06.25-21.34.48:040][  0]LogLoad: Full Startup: 31.86 seconds (BP compile: 0.41 seconds)
[2016.06.25-21.34.48:040][  0]LogExternalProfiler: Found external profiler: VSPerf
[2016.06.25-21.34.48:040][  0]LogExternalProfiler: Using external profiler: VSPerf
[2016.06.25-21.34.48:057][  0]LogWindowsTextInputMethodSystem:Display: IME system now deactivated.
[2016.06.25-21.34.48:057][  0]LogOcInput: OculusInput pre-init called
[2016.06.25-21.34.48:588][  0]LogContentStreaming: Texture pool size now 200 MB
[2016.06.25-21.34.49:839][  0]LogRenderer: Reallocating scene render targets to support 764x368 (Frame:2).
[2016.06.25-21.34.50:294][  1]LogAssetRegistry: Asset discovery search completed in 17.3734 seconds
[2016.06.25-21.34.50:294][  1]LogCollectionManager: Rebuilt the object cache for 0 collections in 0.000000 seconds (found 0 objects)
[2016.06.25-21.34.50:294][  1]LogCollectionManager: Fixed up redirectors for 0 collections in 0.000019 seconds (updated 0 objects)
[2016.06.25-21.48.36:995][473]LogBlueprintUserMessages: Early PlayInEditor Detection: Level '/Game/FirstPersonBP/Maps/FirstPersonExampleMap.FirstPersonExampleMap:PersistentLevel' has LevelScriptBlueprint '/Game/FirstPersonBP/Maps/FirstPersonExampleMap.FirstPersonExampleMap:PersistentLevel.FirstPersonExampleMap' with GeneratedClass '/Game/FirstPersonBP/Maps/FirstPersonExampleMap.FirstPersonExampleMap_C' with ClassGeneratedBy '/Game/FirstPersonBP/Maps/FirstPersonExampleMap.FirstPersonExampleMap:PersistentLevel.FirstPersonExampleMap'
[2016.06.25-21.48.36:995][473]LogPlayLevel: PlayLevel: No blueprints needed recompiling
[2016.06.25-21.48.37:151][473]PIE: New page: Sesión PIE (reproducción en el editor): FirstPersonExampleMap (25/06/2016 10:48:37)
[2016.06.25-21.48.37:151][473]LogPlayLevel: Creating play world package: /Game/FirstPersonBP/Maps/UEDPIE_0_FirstPersonExampleMap
[2016.06.25-21.48.37:215][473]LogPlayLevel: PIE: StaticDuplicateObject took: (0.064097s)
[2016.06.25-21.48.37:216][473]LogAIModule: Creating AISystem for world FirstPersonExampleMap
[2016.06.25-21.48.37:216][473]LogPlayLevel: PIE: World Init took: (0.001183s)
[2016.06.25-21.48.37:230][473]LogPlayLevel: PIE: Created PIE world by copying editor world from /Game/FirstPersonBP/Maps/FirstPersonExampleMap.FirstPersonExampleMap to /Game/FirstPersonBP/Maps/UEDPIE_0_FirstPersonExampleMap.FirstPersonExampleMap (0.079011s)
[2016.06.25-21.48.37:245][473]LogActorComponent: UnregisterComponent: (/Engine/Transient.CharMoveComp) Not registered. Aborting.
[2016.06.25-21.48.37:304][473]LogInit: XAudio2 using 'Altavoces (Realtek High Definition Audio)' : 2 channels at 48 kHz using 32 bits per sample (channel mask 0x3)
[2016.06.25-21.48.37:316][473]LogInit: FAudioDevice initialized.
[2016.06.25-21.48.37:408][473]LogWorld: Game class is 'FirstPersonGameMode_C'
[2016.06.25-21.48.37:471][473]LogWorld: Bringing World /Game/FirstPersonBP/Maps/UEDPIE_0_FirstPersonExampleMap.FirstPersonExampleMap up for play (max tick rate 60) at 2016.06.25-16.48.37
[2016.06.25-21.48.37:491][473]LogWorld: Bringing up level for play took: 0.033220
[2016.06.25-21.48.37:674][473]LogContentBrowser: Native class hierarchy updated for 'MovieSceneCapture' in 0.0005 seconds. Added 9 classes and 0 folders.
[2016.06.25-21.48.37:723][473]PIE: Información Tiempo de inicio de la reproducción en el editor para  /Game/FirstPersonBP/Maps/UEDPIE_0_FirstPersonExampleMap 1.481
[2016.06.25-21.48.37:723][473]LogBlueprintUserMessages: Late PlayInEditor Detection: Level '/Game/FirstPersonBP/Maps/FirstPersonExampleMap.FirstPersonExampleMap:PersistentLevel' has LevelScriptBlueprint '/Game/FirstPersonBP/Maps/FirstPersonExampleMap.FirstPersonExampleMap:PersistentLevel.FirstPersonExampleMap' with GeneratedClass '/Game/FirstPersonBP/Maps/FirstPersonExampleMap.FirstPersonExampleMap_C' with ClassGeneratedBy '/Game/FirstPersonBP/Maps/FirstPersonExampleMap.FirstPersonExampleMap:PersistentLevel.FirstPersonExampleMap'
[2016.06.25-21.48.40:025][550]LogBlueprintUserMessages: [FirstPersonCharacter_C_1] 97703.625
[2016.06.25-21.48.41:118][578]LogBlueprintUserMessages: [FirstPersonCharacter_C_1] 99040.125
[2016.06.25-21.48.45:851][797]LogBlueprintUserMessages: [FirstPersonCharacter_C_1] -274337.3125
[2016.06.25-21.48.47:813][892]LogBlueprintUserMessages: [FirstPersonCharacter_C_1] -285504.78125
[2016.06.25-21.48.48:308][916]LogBlueprintUserMessages: [FirstPersonCharacter_C_1] -287772.125
[2016.06.25-21.48.48:635][932]LogBlueprintUserMessages: [FirstPersonCharacter_C_1] -290379.75
[2016.06.25-21.48.48:880][944]LogBlueprintUserMessages: [FirstPersonCharacter_C_1] -296386.21875
[2016.06.25-21.48.54:419][219]LogBlueprintUserMessages: [FirstPersonCharacter_C_1] -309304.09375
[2016.06.25-21.48.56:709][335]LogBlueprintUserMessages: [FirstPersonCharacter_C_1] -310537.40625
[2016.06.25-21.48.58:972][447]LogBlueprintUserMessages: [FirstPersonCharacter_C_1] 100000.0
[2016.06.25-21.49.01:631][578]LogBlueprintUserMessages: [FirstPersonCharacter_C_1] 100000.0
[2016.06.25-21.49.02:551][626]LogBlueprintUserMessages: Early EndPlayMap Detection: Level '/Game/FirstPersonBP/Maps/FirstPersonExampleMap.FirstPersonExampleMap:PersistentLevel' has LevelScriptBlueprint '/Game/FirstPersonBP/Maps/FirstPersonExampleMap.FirstPersonExampleMap:PersistentLevel.FirstPersonExampleMap' with GeneratedClass '/Game/FirstPersonBP/Maps/FirstPersonExampleMap.FirstPersonExampleMap_C' with ClassGeneratedBy '/Game/FirstPersonBP/Maps/FirstPersonExampleMap.FirstPersonExampleMap:PersistentLevel.FirstPersonExampleMap'
[2016.06.25-21.49.02:631][626]LogBlueprintUserMessages: Late EndPlayMap Detection: Level '/Game/FirstPersonBP/Maps/FirstPersonExampleMap.FirstPersonExampleMap:PersistentLevel' has LevelScriptBlueprint '/Game/FirstPersonBP/Maps/FirstPersonExampleMap.FirstPersonExampleMap:PersistentLevel.FirstPersonExampleMap' with GeneratedClass '/Game/FirstPersonBP/Maps/FirstPersonExampleMap.FirstPersonExampleMap_C' with ClassGeneratedBy '/Game/FirstPersonBP/Maps/FirstPersonExampleMap.FirstPersonExampleMap:PersistentLevel.FirstPersonExampleMap'
[2016.06.25-21.49.15:840][751]LogContentBrowser: Native class hierarchy updated for 'BlueprintGraph' in 0.0010 seconds. Added 108 classes and 0 folders.
[2016.06.25-21.51.45:373][ 22]LogBlueprintUserMessages: Early PlayInEditor Detection: Level '/Game/FirstPersonBP/Maps/FirstPersonExampleMap.FirstPersonExampleMap:PersistentLevel' has LevelScriptBlueprint '/Game/FirstPersonBP/Maps/FirstPersonExampleMap.FirstPersonExampleMap:PersistentLevel.FirstPersonExampleMap' with GeneratedClass '/Game/FirstPersonBP/Maps/FirstPersonExampleMap.FirstPersonExampleMap_C' with ClassGeneratedBy '/Game/FirstPersonBP/Maps/FirstPersonExampleMap.FirstPersonExampleMap:PersistentLevel.FirstPersonExampleMap'
[2016.06.25-21.51.45:373][ 22]BlueprintLog: New page: Pre-Play auto-recompile
[2016.06.25-21.51.45:432][ 22]LogActorComponent: UnregisterComponent: (/Engine/Transient.CharMoveComp) Not registered. Aborting.
[2016.06.25-21.51.45:449][ 22]LogPlayLevel: [PlayLevel] Compiling FirstPersonCharacter before play...
[2016.06.25-21.51.45:708][ 22]ImportText (DirectionFire): Missing opening parenthesis: 
[2016.06.25-21.51.47:436][ 22]LogSavePackage: Save=1236.13ms
[2016.06.25-21.51.47:436][ 22]LogSavePackage: Moving '../../../../../../Users/Kevin/Documents/GitHub/Videojuegos_3/Videojuegos3/Saved/FirstPersonCharacterA29238184BB2A1A1271F76B96E6A0605.tmp' to '../../../../../../Users/Kevin/Documents/GitHub/Videojuegos_3/Videojuegos3/Content/FirstPersonBP/Blueprints/FirstPersonCharacter.uasset'
[2016.06.25-21.51.47:443][ 22]LogSavePackage: Total save time: 1466.50ms
[2016.06.25-21.51.47:443][ 22]LogSavePackage:Display: Finished SavePackage ../../../../../../Users/Kevin/Documents/GitHub/Videojuegos_3/Videojuegos3/Content/FirstPersonBP/Blueprints/FirstPersonCharacter.uasset
[2016.06.25-21.51.47:456][ 22]LogPlayLevel: PlayLevel: Blueprint regeneration took 2082 ms (1 blueprints)
[2016.06.25-21.51.47:456][ 22]LogActorComponent: UnregisterComponent: (/Engine/Transient.CharacterMovementComponent_0) Not registered. Aborting.
[2016.06.25-21.51.47:511][ 22]PIE: New page: Sesión PIE (reproducción en el editor): FirstPersonExampleMap (25/06/2016 10:51:47)
[2016.06.25-21.51.47:511][ 22]LogPlayLevel: Creating play world package: /Game/FirstPersonBP/Maps/UEDPIE_0_FirstPersonExampleMap
[2016.06.25-21.51.47:543][ 22]LogPlayLevel: PIE: StaticDuplicateObject took: (0.031151s)
[2016.06.25-21.51.47:543][ 22]LogAIModule: Creating AISystem for world FirstPersonExampleMap
[2016.06.25-21.51.47:544][ 22]LogPlayLevel: PIE: World Init took: (0.000902s)
[2016.06.25-21.51.47:544][ 22]LogPlayLevel: PIE: Created PIE world by copying editor world from /Game/FirstPersonBP/Maps/FirstPersonExampleMap.FirstPersonExampleMap to /Game/FirstPersonBP/Maps/UEDPIE_0_FirstPersonExampleMap.FirstPersonExampleMap (0.032319s)
[2016.06.25-21.51.47:596][ 22]LogInit: XAudio2 using 'Altavoces (Realtek High Definition Audio)' : 2 channels at 48 kHz using 32 bits per sample (channel mask 0x3)
[2016.06.25-21.51.47:607][ 22]LogInit: FAudioDevice initialized.
[2016.06.25-21.51.47:646][ 22]LogWorld: Game class is 'FirstPersonGameMode_C'
[2016.06.25-21.51.47:651][ 22]LogWorld: Bringing World /Game/FirstPersonBP/Maps/UEDPIE_0_FirstPersonExampleMap.FirstPersonExampleMap up for play (max tick rate 60) at 2016.06.25-16.51.47
[2016.06.25-21.51.47:653][ 22]LogWorld: Bringing up level for play took: 0.005814
[2016.06.25-21.51.47:684][ 22]PIE: Información Tiempo de inicio de la reproducción en el editor para  /Game/FirstPersonBP/Maps/UEDPIE_0_FirstPersonExampleMap 1.442
[2016.06.25-21.51.47:691][ 22]LogBlueprintUserMessages: Late PlayInEditor Detection: Level '/Game/FirstPersonBP/Maps/FirstPersonExampleMap.FirstPersonExampleMap:PersistentLevel' has LevelScriptBlueprint '/Game/FirstPersonBP/Maps/FirstPersonExampleMap.FirstPersonExampleMap:PersistentLevel.FirstPersonExampleMap' with GeneratedClass '/Game/FirstPersonBP/Maps/FirstPersonExampleMap.FirstPersonExampleMap_C' with ClassGeneratedBy '/Game/FirstPersonBP/Maps/FirstPersonExampleMap.FirstPersonExampleMap:PersistentLevel.FirstPersonExampleMap'
[2016.06.25-21.51.49:162][ 81]LogBlueprintUserMessages: [FirstPersonCharacter_C_1] 99318.03125
[2016.06.25-21.52.14:640][340]LogBlueprintUserMessages: [FirstPersonCharacter_C_1] 25471.898438
[2016.06.25-21.52.20:178][616]LogBlueprintUserMessages: [FirstPersonCharacter_C_1] 59091.773438
[2016.06.25-21.52.20:851][650]LogBlueprintUserMessages: [FirstPersonCharacter_C_1] 60064.039063
[2016.06.25-21.52.22:588][738]LogBlueprintUserMessages: [FirstPersonCharacter_C_1] 50887.230469
[2016.06.25-21.52.23:898][804]LogBlueprintUserMessages: [FirstPersonCharacter_C_1] 41569.042969
[2016.06.25-21.52.24:346][826]LogBlueprintUserMessages: [FirstPersonCharacter_C_1] 41596.460938
[2016.06.25-21.52.25:756][893]LogBlueprintUserMessages: [FirstPersonCharacter_C_1] 100000.0
[2016.06.25-21.52.26:341][922]LogBlueprintUserMessages: [FirstPersonCharacter_C_1] 100000.0
[2016.06.25-21.52.26:789][944]LogBlueprintUserMessages: [FirstPersonCharacter_C_1] 100000.0
[2016.06.25-21.52.27:040][956]LogBlueprintUserMessages: [FirstPersonCharacter_C_1] 100000.0
[2016.06.25-21.52.27:290][968]LogBlueprintUserMessages: [FirstPersonCharacter_C_1] 100000.0
[2016.06.25-21.52.27:500][978]LogBlueprintUserMessages: [FirstPersonCharacter_C_1] 100000.0
[2016.06.25-21.52.27:713][988]LogBlueprintUserMessages: [FirstPersonCharacter_C_1] 100000.0
[2016.06.25-21.52.27:922][998]LogBlueprintUserMessages: [FirstPersonCharacter_C_1] 100000.0
[2016.06.25-21.52.28:110][  7]LogBlueprintUserMessages: [FirstPersonCharacter_C_1] 100000.0
[2016.06.25-21.52.28:379][ 20]LogBlueprintUserMessages: [FirstPersonCharacter_C_1] 100000.0
[2016.06.25-21.52.33:255][267]LogBlueprintUserMessages: [FirstPersonCharacter_C_1] 100000.0
[2016.06.25-21.52.35:262][369]LogBlueprintUserMessages: [FirstPersonCharacter_C_1] 100000.0
[2016.06.25-21.52.35:262][369]LogBlueprintUserMessages: [FirstPersonCharacter_C_1] 100000.0
[2016.06.25-21.52.35:263][369]LogBlueprintUserMessages: [FirstPersonCharacter_C_1] 100000.0
[2016.06.25-21.52.35:263][369]LogBlueprintUserMessages: [FirstPersonCharacter_C_1] 100000.0
[2016.06.25-21.52.35:264][369]LogBlueprintUserMessages: [FirstPersonCharacter_C_1] 100000.0
[2016.06.25-21.52.35:711][390]LogBlueprintUserMessages: [FirstPersonCharacter_C_1] 100000.0
[2016.06.25-21.52.35:711][390]LogBlueprintUserMessages: [FirstPersonCharacter_C_1] 100000.0
[2016.06.25-21.52.35:712][390]LogBlueprintUserMessages: [FirstPersonCharacter_C_1] 100000.0
[2016.06.25-21.52.35:713][390]LogBlueprintUserMessages: [FirstPersonCharacter_C_1] 100000.0
[2016.06.25-21.52.36:211][411]LogBlueprintUserMessages: [FirstPersonCharacter_C_1] 100000.0
[2016.06.25-21.52.36:212][411]LogBlueprintUserMessages: [FirstPersonCharacter_C_1] 100000.0
[2016.06.25-21.52.36:212][411]LogBlueprintUserMessages: [FirstPersonCharacter_C_1] 100000.0
[2016.06.25-21.52.36:213][411]LogBlueprintUserMessages: [FirstPersonCharacter_C_1] 100000.0
[2016.06.25-21.52.39:798][593]LogBlueprintUserMessages: [FirstPersonCharacter_C_1] 100000.0
[2016.06.25-21.52.40:249][615]LogBlueprintUserMessages: [FirstPersonCharacter_C_1] 100000.0
[2016.06.25-21.52.42:284][713]LogBlueprintUserMessages: [FirstPersonCharacter_C_1] 100000.0
[2016.06.25-21.52.42:285][713]LogBlueprintUserMessages: [FirstPersonCharacter_C_1] 100000.0
[2016.06.25-21.52.42:285][713]LogBlueprintUserMessages: [FirstPersonCharacter_C_1] 100000.0
[2016.06.25-21.52.43:095][753]LogBlueprintUserMessages: [FirstPersonCharacter_C_1] 100000.0
[2016.06.25-21.52.44:062][801]LogBlueprintUserMessages: [FirstPersonCharacter_C_1] 100000.0
[2016.06.25-21.52.45:829][889]LogBlueprintUserMessages: [FirstPersonCharacter_C_1] 100000.0
[2016.06.25-21.52.45:829][889]LogBlueprintUserMessages: [FirstPersonCharacter_C_1] 100000.0
[2016.06.25-21.52.45:829][889]LogBlueprintUserMessages: [FirstPersonCharacter_C_1] 100000.0
[2016.06.25-21.52.45:830][889]LogBlueprintUserMessages: [FirstPersonCharacter_C_1] 100000.0
[2016.06.25-21.52.45:830][889]LogBlueprintUserMessages: [FirstPersonCharacter_C_1] 100000.0
[2016.06.25-21.52.45:830][889]LogBlueprintUserMessages: [FirstPersonCharacter_C_1] 100000.0
[2016.06.25-21.52.45:830][889]LogBlueprintUserMessages: [FirstPersonCharacter_C_1] 100000.0
[2016.06.25-21.52.45:831][889]LogBlueprintUserMessages: [FirstPersonCharacter_C_1] 100000.0
[2016.06.25-21.52.45:831][889]LogBlueprintUserMessages: [FirstPersonCharacter_C_1] 100000.0
[2016.06.25-21.52.45:831][889]LogBlueprintUserMessages: [FirstPersonCharacter_C_1] 100000.0
[2016.06.25-21.52.45:832][889]LogBlueprintUserMessages: [FirstPersonCharacter_C_1] 100000.0
[2016.06.25-21.52.45:832][889]LogBlueprintUserMessages: [FirstPersonCharacter_C_1] 100000.0
[2016.06.25-21.52.45:832][889]LogBlueprintUserMessages: [FirstPersonCharacter_C_1] 100000.0
[2016.06.25-21.52.45:833][889]LogBlueprintUserMessages: [FirstPersonCharacter_C_1] 100000.0
[2016.06.25-21.52.45:833][889]LogBlueprintUserMessages: [FirstPersonCharacter_C_1] 100000.0
[2016.06.25-21.52.45:833][889]LogBlueprintUserMessages: [FirstPersonCharacter_C_1] 100000.0
[2016.06.25-21.52.45:833][889]LogBlueprintUserMessages: [FirstPersonCharacter_C_1] 100000.0
[2016.06.25-21.52.47:323][959]LogActorComponent: UnregisterComponent: (/Engine/Transient.CharMoveComp) Not registered. Aborting.
[2016.06.25-21.52.47:954][987]LogBlueprintUserMessages: [FirstPersonCharacter_C_1] 100000.0
[2016.06.25-21.52.47:954][987]LogBlueprintUserMessages: [FirstPersonCharacter_C_1] 100000.0
[2016.06.25-21.52.47:954][987]LogBlueprintUserMessages: [FirstPersonCharacter_C_1] 100000.0
[2016.06.25-21.52.47:955][987]LogBlueprintUserMessages: [FirstPersonCharacter_C_1] 100000.0
[2016.06.25-21.52.47:955][987]LogBlueprintUserMessages: [FirstPersonCharacter_C_1] 100000.0
[2016.06.25-21.52.47:955][987]LogBlueprintUserMessages: [FirstPersonCharacter_C_1] 100000.0
[2016.06.25-21.52.47:955][987]LogBlueprintUserMessages: [FirstPersonCharacter_C_1] 100000.0
[2016.06.25-21.52.47:956][987]LogBlueprintUserMessages: [FirstPersonCharacter_C_1] 100000.0
[2016.06.25-21.52.47:956][987]LogBlueprintUserMessages: [FirstPersonCharacter_C_1] 100000.0
[2016.06.25-21.52.47:956][987]LogBlueprintUserMessages: [FirstPersonCharacter_C_1] 100000.0
[2016.06.25-21.52.47:956][987]LogBlueprintUserMessages: [FirstPersonCharacter_C_1] 100000.0
[2016.06.25-21.52.47:957][987]LogBlueprintUserMessages: [FirstPersonCharacter_C_1] 100000.0
[2016.06.25-21.52.47:957][987]LogBlueprintUserMessages: [FirstPersonCharacter_C_1] 100000.0
[2016.06.25-21.52.47:958][987]LogBlueprintUserMessages: [FirstPersonCharacter_C_1] 100000.0
[2016.06.25-21.52.52:243][202]LogBlueprintUserMessages: [FirstPersonCharacter_C_1] 39443.359375
[2016.06.25-21.52.52:243][202]LogBlueprintUserMessages: [FirstPersonCharacter_C_1] 37898.742188
[2016.06.25-21.52.52:243][202]LogBlueprintUserMessages: [FirstPersonCharacter_C_1] 48307.921875
[2016.06.25-21.52.52:244][202]LogBlueprintUserMessages: [FirstPersonCharacter_C_1] 52139.585938
[2016.06.25-21.52.52:244][202]LogBlueprintUserMessages: [FirstPersonCharacter_C_1] 41958.191406
[2016.06.25-21.52.52:245][202]LogBlueprintUserMessages: [FirstPersonCharacter_C_1] 54281.1875
[2016.06.25-21.52.52:247][202]LogBlueprintUserMessages: [FirstPersonCharacter_C_1] 35366.394531
[2016.06.25-21.52.52:247][202]LogBlueprintUserMessages: [FirstPersonCharacter_C_1] 57922.851563
[2016.06.25-21.52.52:248][202]LogBlueprintUserMessages: [FirstPersonCharacter_C_1] 24148.925781
[2016.06.25-21.52.52:249][202]LogBlueprintUserMessages: [FirstPersonCharacter_C_1] 48796.082031
[2016.06.25-21.52.52:249][202]LogBlueprintUserMessages: [FirstPersonCharacter_C_1] 33572.507813
[2016.06.25-21.52.52:249][202]LogBlueprintUserMessages: [FirstPersonCharacter_C_1] 38562.074219
[2016.06.25-21.52.52:250][202]LogBlueprintUserMessages: [FirstPersonCharacter_C_1] 30574.339844
[2016.06.25-21.52.52:250][202]LogBlueprintUserMessages: [FirstPersonCharacter_C_1] 46089.234375
[2016.06.25-21.52.52:250][202]LogBlueprintUserMessages: [FirstPersonCharacter_C_1] 41933.65625
[2016.06.25-21.52.52:251][202]LogBlueprintUserMessages: [FirstPersonCharacter_C_1] 51076.292969
[2016.06.25-21.52.52:251][202]LogBlueprintUserMessages: [FirstPersonCharacter_C_1] 37145.507813
[2016.06.25-21.52.52:251][202]LogBlueprintUserMessages: [FirstPersonCharacter_C_1] 35952.390625
[2016.06.25-21.52.52:252][202]LogBlueprintUserMessages: [FirstPersonCharacter_C_1] 46377.867188
[2016.06.25-21.53.04:157][787]LogBlueprintUserMessages: [FirstPersonCharacter_C_1] 100000.0
[2016.06.25-21.53.04:158][787]LogBlueprintUserMessages: [FirstPersonCharacter_C_1] 100000.0
[2016.06.25-21.53.04:159][787]LogBlueprintUserMessages: [FirstPersonCharacter_C_1] 100000.0
[2016.06.25-21.53.04:159][787]LogBlueprintUserMessages: [FirstPersonCharacter_C_1] 100000.0
[2016.06.25-21.53.04:159][787]LogBlueprintUserMessages: [FirstPersonCharacter_C_1] 100000.0
[2016.06.25-21.53.04:160][787]LogBlueprintUserMessages: [FirstPersonCharacter_C_1] 100000.0
[2016.06.25-21.53.04:160][787]LogBlueprintUserMessages: [FirstPersonCharacter_C_1] 100000.0
[2016.06.25-21.53.04:161][787]LogBlueprintUserMessages: [FirstPersonCharacter_C_1] 100000.0
[2016.06.25-21.53.04:161][787]LogBlueprintUserMessages: [FirstPersonCharacter_C_1] 100000.0
[2016.06.25-21.53.04:162][787]LogBlueprintUserMessages: [FirstPersonCharacter_C_1] 100000.0
[2016.06.25-21.53.06:103][883]LogBlueprintUserMessages: [FirstPersonCharacter_C_1] 100000.0
[2016.06.25-21.53.06:103][883]LogBlueprintUserMessages: [FirstPersonCharacter_C_1] 100000.0
[2016.06.25-21.53.06:103][883]LogBlueprintUserMessages: [FirstPersonCharacter_C_1] 100000.0
[2016.06.25-21.53.06:103][883]LogBlueprintUserMessages: [FirstPersonCharacter_C_1] 100000.0
[2016.06.25-21.53.06:104][883]LogBlueprintUserMessages: [FirstPersonCharacter_C_1] 100000.0
[2016.06.25-21.53.06:104][883]LogBlueprintUserMessages: [FirstPersonCharacter_C_1] 100000.0
[2016.06.25-21.53.06:104][883]LogBlueprintUserMessages: [FirstPersonCharacter_C_1] 100000.0
[2016.06.25-21.53.06:156][886]LogBlueprintUserMessages: Early EndPlayMap Detection: Level '/Game/FirstPersonBP/Maps/FirstPersonExampleMap.FirstPersonExampleMap:PersistentLevel' has LevelScriptBlueprint '/Game/FirstPersonBP/Maps/FirstPersonExampleMap.FirstPersonExampleMap:PersistentLevel.FirstPersonExampleMap' with GeneratedClass '/Game/FirstPersonBP/Maps/FirstPersonExampleMap.FirstPersonExampleMap_C' with ClassGeneratedBy '/Game/FirstPersonBP/Maps/FirstPersonExampleMap.FirstPersonExampleMap:PersistentLevel.FirstPersonExampleMap'
[2016.06.25-21.53.06:232][886]LogBlueprintUserMessages: Late EndPlayMap Detection: Level '/Game/FirstPersonBP/Maps/FirstPersonExampleMap.FirstPersonExampleMap:PersistentLevel' has LevelScriptBlueprint '/Game/FirstPersonBP/Maps/FirstPersonExampleMap.FirstPersonExampleMap:PersistentLevel.FirstPersonExampleMap' with GeneratedClass '/Game/FirstPersonBP/Maps/FirstPersonExampleMap.FirstPersonExampleMap_C' with ClassGeneratedBy '/Game/FirstPersonBP/Maps/FirstPersonExampleMap.FirstPersonExampleMap:PersistentLevel.FirstPersonExampleMap'
[2016.06.25-21.53.46:573][662]BlueprintLog: New page: Compilar FirstPersonCharacter
[2016.06.25-21.53.46:825][662]ImportText (DirectionFire): Missing opening parenthesis: 
[2016.06.25-21.53.46:835][662]LogActorComponent: UnregisterComponent: (/Engine/Transient.CharMoveComp) Not registered. Aborting.
[2016.06.25-21.53.48:108][662]LogSavePackage: Save=1111.37ms
[2016.06.25-21.53.48:108][662]LogSavePackage: Moving '../../../../../../Users/Kevin/Documents/GitHub/Videojuegos_3/Videojuegos3/Saved/FirstPersonCharacter4E93DE9045E0A22979BB68A491D6E79D.tmp' to '../../../../../../Users/Kevin/Documents/GitHub/Videojuegos_3/Videojuegos3/Content/FirstPersonBP/Blueprints/FirstPersonCharacter.uasset'
[2016.06.25-21.53.48:112][662]LogSavePackage: Total save time: 1118.64ms
[2016.06.25-21.53.48:112][662]LogSavePackage:Display: Finished SavePackage ../../../../../../Users/Kevin/Documents/GitHub/Videojuegos_3/Videojuegos3/Content/FirstPersonBP/Blueprints/FirstPersonCharacter.uasset
[2016.06.25-21.53.48:134][662]BlueprintEditorCompileResults: Información [1171.95] Compile of FirstPersonCharacter successful! [in 1,560 ms]
[2016.06.25-21.54.02:829][109]LogActorComponent: UnregisterComponent: (/Engine/Transient.CharMoveComp) Not registered. Aborting.
[2016.06.25-21.54.09:998][109]LogSavePackage: Save=4734.14ms
[2016.06.25-21.54.09:998][109]LogSavePackage: Moving '../../../../../../Users/Kevin/Documents/GitHub/Videojuegos_3/Videojuegos3/Saved/FirstPersonExampleMapC150AC0F4DEDD7CD07A33D9D5CC2EA4E.tmp' to '../../../../../../Users/Kevin/Documents/GitHub/Videojuegos_3/Videojuegos3/Content/FirstPersonBP/Maps/FirstPersonExampleMap.umap'
[2016.06.25-21.54.10:026][109]LogSavePackage: Total save time: 5281.19ms
[2016.06.25-21.54.10:026][109]LogSavePackage:Display: Finished SavePackage ../../../../../../Users/Kevin/Documents/GitHub/Videojuegos_3/Videojuegos3/Content/FirstPersonBP/Maps/FirstPersonExampleMap.umap
[2016.06.25-21.54.10:069][109]LogFileHelpers: Saving map 'FirstPersonExampleMap' took 5.504
[2016.06.25-21.54.10:664][110]Cmd: QUIT_EDITOR
[2016.06.25-21.54.11:106][110]LogWindowsTextInputMethodSystem:Display: IME system now deactivated.
[2016.06.25-21.54.11:163][110]LogExit: Preparing to exit.
[2016.06.25-21.54.11:507][110]LogExit: Editor shut down
[2016.06.25-21.54.11:508][110]LogExit: Transaction tracking system shut down
[2016.06.25-21.54.11:777][110]LogObj: Freed 0b from 0 cluster array pools.
[2016.06.25-21.54.11:777][110]LogExit: Object subsystem successfully closed.
[2016.06.25-21.54.11:797][110]LogD3D11RHI: Shutdown
[2016.06.25-21.54.11:797][110]LogD3D11RHI: CleanupD3DDevice
[2016.06.25-21.54.11:903][110]LogD3D11RHI: ~FD3D11DynamicRHI
[2016.06.25-21.54.11:942][110]LogDerivedDataCache: Shutdown
[2016.06.25-21.54.11:942][110]LogModuleManager: Shutting down and abandoning module BlueprintGraph (206)
[2016.06.25-21.54.11:942][110]LogModuleManager: Shutting down and abandoning module MovieSceneCapture (205)
[2016.06.25-21.54.11:942][110]LogModuleManager: Shutting down and abandoning module HierarchicalLODOutliner (204)
[2016.06.25-21.54.11:942][110]LogModuleManager: Shutting down and abandoning module CrashTracker (203)
[2016.06.25-21.54.11:942][110]LogModuleManager: Shutting down and abandoning module SceneOutliner (202)
[2016.06.25-21.54.11:942][110]LogModuleManager: Shutting down and abandoning module SuperSearch (201)
[2016.06.25-21.54.11:942][110]LogModuleManager: Shutting down and abandoning module WidgetCarousel (200)
[2016.06.25-21.54.11:942][110]LogModuleManager: Shutting down and abandoning module AddContentDialog (199)
[2016.06.25-21.54.11:945][110]LogModuleManager: Shutting down and abandoning module GameplayTags (198)
[2016.06.25-21.54.11:945][110]LogModuleManager: Shutting down and abandoning module EditorWidgets (197)
[2016.06.25-21.54.11:945][110]LogModuleManager: Shutting down and abandoning module CollectionManager (196)
[2016.06.25-21.54.11:945][110]LogModuleManager: Shutting down and abandoning module StatsViewer (195)
[2016.06.25-21.54.11:945][110]LogModuleManager: Shutting down and abandoning module FoliageEdit (194)
[2016.06.25-21.54.11:945][110]LogModuleManager: Shutting down and abandoning module LandscapeEditor (193)
[2016.06.25-21.54.11:946][110]LogModuleManager: Shutting down and abandoning module ActorPickerMode (192)
[2016.06.25-21.54.11:946][110]LogModuleManager: Shutting down and abandoning module GeometryMode (191)
[2016.06.25-21.54.11:946][110]LogModuleManager: Shutting down and abandoning module TextureAlignMode (190)
[2016.06.25-21.54.11:946][110]LogModuleManager: Shutting down and abandoning module BspMode (189)
[2016.06.25-21.54.11:946][110]LogModuleManager: Shutting down and abandoning module PlacementMode (188)
[2016.06.25-21.54.11:946][110]LogModuleManager: Shutting down and abandoning module AutomationWorker (187)
[2016.06.25-21.54.11:946][110]LogModuleManager: Shutting down and abandoning module CharacterAI (186)
[2016.06.25-21.54.11:946][110]LogModuleManager: Shutting down and abandoning module SmartSnapping (185)
[2016.06.25-21.54.11:946][110]LogModuleManager: Shutting down and abandoning module ViewportSnapping (184)
[2016.06.25-21.54.11:946][110]LogModuleManager: Shutting down and abandoning module LogVisualizer (183)
[2016.06.25-21.54.11:946][110]LogModuleManager: Shutting down and abandoning module GameProjectGeneration (182)
[2016.06.25-21.54.11:946][110]LogModuleManager: Shutting down and abandoning module IntroTutorials (181)
[2016.06.25-21.54.11:946][110]LogModuleManager: Shutting down and abandoning module EditorLiveStreaming (180)
[2016.06.25-21.54.11:946][110]LogModuleManager: Shutting down and abandoning module IOSPlatformEditor (179)
[2016.06.25-21.54.11:946][110]LogModuleManager: Shutting down and abandoning module HTML5PlatformEditor (178)
[2016.06.25-21.54.11:946][110]LogModuleManager: Shutting down and abandoning module AndroidDeviceDetection (177)
[2016.06.25-21.54.12:327][110]LogModuleManager: Shutting down and abandoning module AndroidPlatformEditor (176)
[2016.06.25-21.54.12:327][110]LogModuleManager: Shutting down and abandoning module IOSRuntimeSettings (175)
[2016.06.25-21.54.12:327][110]LogModuleManager: Shutting down and abandoning module AndroidRuntimeSettings (174)
[2016.06.25-21.54.12:327][110]LogModuleManager: Shutting down and abandoning module MergeActors (173)
[2016.06.25-21.54.12:327][110]LogModuleManager: Shutting down and abandoning module SizeMap (172)
[2016.06.25-21.54.12:327][110]LogModuleManager: Shutting down and abandoning module TreeMap (171)
[2016.06.25-21.54.12:327][110]LogModuleManager: Shutting down and abandoning module ReferenceViewer (170)
[2016.06.25-21.54.12:327][110]LogModuleManager: Shutting down and abandoning module LocalizationService (169)
[2016.06.25-21.54.12:327][110]LogModuleManager: Shutting down and abandoning module LocalizationDashboard (168)
[2016.06.25-21.54.12:327][110]LogModuleManager: Shutting down and abandoning module HardwareTargeting (167)
[2016.06.25-21.54.12:327][110]LogModuleManager: Shutting down and abandoning module DeviceProfileEditor (166)
[2016.06.25-21.54.12:327][110]LogModuleManager: Shutting down and abandoning module UndoHistory (165)
[2016.06.25-21.54.12:327][110]LogModuleManager: Shutting down and abandoning module UserFeedback (164)
[2016.06.25-21.54.12:327][110]LogModuleManager: Shutting down and abandoning module XmlParser (163)
[2016.06.25-21.54.12:327][110]LogModuleManager: Shutting down and abandoning module Blutility (162)
[2016.06.25-21.54.12:327][110]LogModuleManager: Shutting down and abandoning module ProjectTargetPlatformEditor (161)
[2016.06.25-21.54.12:327][110]LogModuleManager: Shutting down and abandoning module ProjectSettingsViewer (160)
[2016.06.25-21.54.12:328][110]LogModuleManager: Shutting down and abandoning module InputBindingEditor (159)
[2016.06.25-21.54.12:328][110]LogModuleManager: Shutting down and abandoning module EditorSettingsViewer (158)
[2016.06.25-21.54.12:328][110]LogModuleManager: Shutting down and abandoning module SettingsEditor (157)
[2016.06.25-21.54.12:328][110]LogModuleManager: Shutting down and abandoning module ProjectLauncher (156)
[2016.06.25-21.54.12:328][110]LogModuleManager: Shutting down and abandoning module SessionFrontend (155)
[2016.06.25-21.54.12:328][110]LogModuleManager: Shutting down and abandoning module ProfilerClient (154)
[2016.06.25-21.54.12:328][110]LogModuleManager: Shutting down and abandoning module TargetDeviceServices (153)
[2016.06.25-21.54.12:328][110]LogModuleManager: Shutting down and abandoning module DeviceManager (152)
[2016.06.25-21.54.12:360][110]LogModuleManager: Shutting down and abandoning module AutomationController (151)
[2016.06.25-21.54.12:360][110]LogModuleManager: Shutting down and abandoning module AutomationWindow (150)
[2016.06.25-21.54.12:360][110]LogModuleManager: Shutting down and abandoning module Layers (149)
[2016.06.25-21.54.12:360][110]LogModuleManager: Shutting down and abandoning module ComponentVisualizers (148)
[2016.06.25-21.54.12:360][110]LogModuleManager: Shutting down and abandoning module DetailCustomizations (147)
[2016.06.25-21.54.12:360][110]LogModuleManager: Shutting down and abandoning module PackagesDialog (146)
[2016.06.25-21.54.12:360][110]LogModuleManager: Shutting down and abandoning module Persona (145)
[2016.06.25-21.54.12:360][110]LogModuleManager: Shutting down and abandoning module Kismet (144)
[2016.06.25-21.54.12:360][110]LogModuleManager: Shutting down and abandoning module GraphEditor (143)
[2016.06.25-21.54.12:360][110]LogModuleManager: Shutting down and abandoning module ClassViewer (142)
[2016.06.25-21.54.12:360][110]LogModuleManager: Shutting down and abandoning module Toolbox (141)
[2016.06.25-21.54.12:360][110]LogModuleManager: Shutting down and abandoning module ModuleUI (140)
[2016.06.25-21.54.12:360][110]LogModuleManager: Shutting down and abandoning module MovieSceneTools (139)
[2016.06.25-21.54.12:360][110]LogModuleManager: Shutting down and abandoning module OutputLog (138)
[2016.06.25-21.54.12:360][110]LogModuleManager: Shutting down and abandoning module GammaUI (137)
[2016.06.25-21.54.12:360][110]LogModuleManager: Shutting down and abandoning module Documentation (136)
[2016.06.25-21.54.12:360][110]LogModuleManager: Shutting down and abandoning module StreamingPauseRendering (135)
[2016.06.25-21.54.12:360][110]LogModuleManager: Shutting down and abandoning module AnalyticsET (134)
[2016.06.25-21.54.12:360][110]LogModuleManager: Shutting down and abandoning module Analytics (133)
[2016.06.25-21.54.12:360][110]LogModuleManager: Shutting down and abandoning module PortalServices (132)
[2016.06.25-21.54.12:360][110]LogModuleManager: Shutting down and abandoning module PortalRpc (131)
[2016.06.25-21.54.12:360][110]LogModuleManager: Shutting down and abandoning module MessagingRpc (130)
[2016.06.25-21.54.12:360][110]LogModuleManager: Shutting down and abandoning module AITestSuite (129)
[2016.06.25-21.54.12:360][110]LogModuleManager: Shutting down and abandoning module GameplayDebugger (128)
[2016.06.25-21.54.12:360][110]LogModuleManager: Shutting down and abandoning module AIModule (127)
[2016.06.25-21.54.12:360][110]LogModuleManager: Shutting down and abandoning module ProfilerService (126)
[2016.06.25-21.54.12:438][110]LogModuleManager: Shutting down and abandoning module TaskGraph (125)
[2016.06.25-21.54.12:438][110]LogModuleManager: Shutting down and abandoning module SlateRemote (124)
[2016.06.25-21.54.12:439][110]LogModuleManager: Shutting down and abandoning module SteamVRController (123)
[2016.06.25-21.54.12:439][110]LogModuleManager: Shutting down and abandoning module SteamVR (122)
[2016.06.25-21.54.12:439][110]LogModuleManager: Shutting down and abandoning module ProceduralMeshComponent (121)
[2016.06.25-21.54.12:439][110]LogModuleManager: Shutting down and abandoning module OculusLibrary (120)
[2016.06.25-21.54.12:439][110]LogModuleManager: Shutting down and abandoning module OculusInput (119)
[2016.06.25-21.54.12:439][110]LogModuleManager: Shutting down and abandoning module CustomMeshComponent (118)
[2016.06.25-21.54.12:439][110]LogModuleManager: Shutting down and abandoning module CableComponent (117)
[2016.06.25-21.54.12:439][110]LogModuleManager: Shutting down and abandoning module ArchVisCharacter (116)
[2016.06.25-21.54.12:439][110]LogModuleManager: Shutting down and abandoning module MediaPlayerEditor (115)
[2016.06.25-21.54.12:439][110]LogModuleManager: Shutting down and abandoning module HTML5Networking (114)
[2016.06.25-21.54.12:439][110]LogModuleManager: Shutting down and abandoning module SpeedTreeImporter (113)
[2016.06.25-21.54.12:439][110]LogModuleManager: Shutting down and abandoning module PluginBrowser (112)
[2016.06.25-21.54.12:439][110]LogModuleManager: Shutting down and abandoning module EpicSurvey (111)
[2016.06.25-21.54.12:439][110]LogModuleManager: Shutting down and abandoning module DesktopPlatform (110)
[2016.06.25-21.54.12:439][110]LogModuleManager: Shutting down and abandoning module VisualStudioSourceCodeAccess (109)
[2016.06.25-21.54.12:439][110]LogModuleManager: Shutting down and abandoning module UObjectPlugin (108)
[2016.06.25-21.54.12:439][110]LogModuleManager: Shutting down and abandoning module SubversionSourceControl (107)
[2016.06.25-21.54.12:439][110]LogModuleManager: Shutting down and abandoning module PerforceSourceControl (106)
[2016.06.25-21.54.12:439][110]LogModuleManager: Shutting down and abandoning module SourceControl (105)
[2016.06.25-21.54.12:439][110]LogModuleManager: Shutting down and abandoning module GitSourceControl (104)
[2016.06.25-21.54.12:439][110]LogModuleManager: Shutting down and abandoning module LightPropagationVolumeEditor (103)
[2016.06.25-21.54.12:439][110]LogModuleManager: Shutting down and abandoning module PaperTiledImporter (102)
[2016.06.25-21.54.12:439][110]LogModuleManager: Shutting down and abandoning module PaperSpriteSheetImporter (101)
[2016.06.25-21.54.12:439][110]LogModuleManager: Shutting down and abandoning module MeshPaint (100)
[2016.06.25-21.54.12:439][110]LogModuleManager: Shutting down and abandoning module HotReload (99)
[2016.06.25-21.54.12:440][110]LogModuleManager: Shutting down and abandoning module MainFrame (98)
[2016.06.25-21.54.12:440][110]LogModuleManager: Shutting down and abandoning module LevelEditor (97)
[2016.06.25-21.54.12:440][110]LogModuleManager: Shutting down and abandoning module DirectoryWatcher (96)
[2016.06.25-21.54.12:442][110]LogModuleManager: Shutting down and abandoning module AssetRegistry (95)
[2016.06.25-21.54.12:731][110]LogModuleManager: Shutting down and abandoning module ContentBrowser (94)
[2016.06.25-21.54.12:732][110]LogModuleManager: Shutting down and abandoning module Paper2DEditor (93)
[2016.06.25-21.54.12:732][110]LogModuleManager: Shutting down and abandoning module UdpMessaging (92)
[2016.06.25-21.54.12:832][110]LogModuleManager: Shutting down and abandoning module LightPropagationVolumeRuntime (91)
[2016.06.25-21.54.12:832][110]LogModuleManager: Shutting down and abandoning module Paper2D (90)
[2016.06.25-21.54.12:832][110]LogModuleManager: Shutting down and abandoning module WindowsMoviePlayer (89)
[2016.06.25-21.54.12:832][110]LogModuleManager: Shutting down and abandoning module Media (88)
[2016.06.25-21.54.12:832][110]LogModuleManager: Shutting down and abandoning module WmfMedia (87)
[2016.06.25-21.54.12:832][110]LogModuleManager: Shutting down and abandoning module MediaAssets (86)
[2016.06.25-21.54.12:832][110]LogModuleManager: Shutting down and abandoning module GameLiveStreaming (85)
[2016.06.25-21.54.12:832][110]LogModuleManager: Shutting down and abandoning module GameplayTagsEditor (84)
[2016.06.25-21.54.12:832][110]LogModuleManager: Shutting down and abandoning module OnlineBlueprintSupport (83)
[2016.06.25-21.54.12:832][110]LogModuleManager: Shutting down and abandoning module GameplayTasksEditor (82)
[2016.06.25-21.54.12:832][110]LogModuleManager: Shutting down and abandoning module PropertyEditor (81)
[2016.06.25-21.54.12:832][110]LogModuleManager: Shutting down and abandoning module BehaviorTreeEditor (80)
[2016.06.25-21.54.12:832][110]LogModuleManager: Shutting down and abandoning module FunctionalTesting (79)
[2016.06.25-21.54.12:832][110]LogModuleManager: Shutting down and abandoning module CollisionAnalyzer (78)
[2016.06.25-21.54.12:832][110]LogModuleManager: Shutting down and abandoning module WorkspaceMenuStructure (77)
[2016.06.25-21.54.12:832][110]LogModuleManager: Shutting down and abandoning module MessageLog (76)
[2016.06.25-21.54.12:832][110]LogModuleManager: Shutting down and abandoning module Sequencer (75)
[2016.06.25-21.54.12:832][110]LogModuleManager: Shutting down and abandoning module AssetTools (74)
[2016.06.25-21.54.12:832][110]LogModuleManager: Shutting down and abandoning module UMGEditor (73)
[2016.06.25-21.54.12:832][110]LogModuleManager: Shutting down and abandoning module UMG (72)
[2016.06.25-21.54.12:832][110]LogModuleManager: Shutting down and abandoning module SlateReflector (71)
[2016.06.25-21.54.12:832][110]LogModuleManager: Shutting down and abandoning module Slate (70)
[2016.06.25-21.54.12:832][110]LogModuleManager: Shutting down and abandoning module EditorStyle (69)
[2016.06.25-21.54.12:835][110]LogModuleManager: Shutting down and abandoning module SessionServices (68)
[2016.06.25-21.54.12:835][110]LogModuleManager: Shutting down and abandoning module SourceCodeAccess (67)
[2016.06.25-21.54.12:835][110]LogModuleManager: Shutting down and abandoning module HeadMountedDisplay (66)
[2016.06.25-21.54.12:835][110]LogModuleManager: Shutting down and abandoning module XAudio2 (65)
[2016.06.25-21.54.12:835][110]LogModuleManager: Shutting down and abandoning module Networking (63)
[2016.06.25-21.54.12:835][110]LogModuleManager: Shutting down and abandoning module Core (62)
[2016.06.25-21.54.12:835][110]LogModuleManager: Shutting down and abandoning module KismetCompiler (61)
[2016.06.25-21.54.12:835][110]LogModuleManager: Shutting down and abandoning module PhysXFormats (60)
[2016.06.25-21.54.12:835][110]LogModuleManager: Shutting down and abandoning module MeshUtilities (59)
[2016.06.25-21.54.12:835][110]LogModuleManager: Shutting down and abandoning module CookingStats (58)
[2016.06.25-21.54.12:835][110]LogModuleManager: Shutting down and abandoning module DerivedDataCache (57)
[2016.06.25-21.54.12:835][110]LogDerivedDataCache: Shutdown
[2016.06.25-21.54.12:835][110]LogModuleManager: Shutting down and abandoning module ShaderFormatOpenGL (56)
[2016.06.25-21.54.12:835][110]LogModuleManager: Shutting down and abandoning module ShaderFormatD3D (55)
[2016.06.25-21.54.12:835][110]LogModuleManager: Shutting down and abandoning module MetalShaderFormat (54)
[2016.06.25-21.54.12:835][110]LogModuleManager: Shutting down and abandoning module TextureFormatUncompressed (53)
[2016.06.25-21.54.12:835][110]LogModuleManager: Shutting down and abandoning module TextureFormatPVR (52)
[2016.06.25-21.54.12:836][110]LogModuleManager: Shutting down and abandoning module TextureFormatIntelISPCTexComp (51)
[2016.06.25-21.54.12:836][110]LogModuleManager: Shutting down and abandoning module TextureFormatDXT (50)
[2016.06.25-21.54.12:836][110]LogModuleManager: Shutting down and abandoning module ImageWrapper (49)
[2016.06.25-21.54.12:836][110]LogModuleManager: Shutting down and abandoning module TextureFormatASTC (48)
[2016.06.25-21.54.12:836][110]LogModuleManager: Shutting down and abandoning module TextureFormatAndroid (47)
[2016.06.25-21.54.12:836][110]LogModuleManager: Shutting down and abandoning module AudioFormatOpus (46)
[2016.06.25-21.54.12:836][110]LogModuleManager: Shutting down and abandoning module AudioFormatOgg (45)
[2016.06.25-21.54.12:836][110]LogModuleManager: Shutting down and abandoning module AudioFormatADPCM (44)
[2016.06.25-21.54.12:836][110]LogModuleManager: Shutting down and abandoning module LinuxTargetPlatform (43)
[2016.06.25-21.54.12:836][110]LogModuleManager: Shutting down and abandoning module LinuxServerTargetPlatform (42)
[2016.06.25-21.54.12:836][110]LogModuleManager: Shutting down and abandoning module LinuxNoEditorTargetPlatform (41)
[2016.06.25-21.54.12:836][110]LogModuleManager: Shutting down and abandoning module TVOSTargetPlatform (40)
[2016.06.25-21.54.12:836][110]LogModuleManager: Shutting down and abandoning module Messaging (39)
[2016.06.25-21.54.12:836][110]LogModuleManager: Shutting down and abandoning module IOSTargetPlatform (38)
[2016.06.25-21.54.12:836][110]LogModuleManager: Shutting down and abandoning module HTML5TargetPlatform (37)
[2016.06.25-21.54.12:836][110]LogModuleManager: Shutting down and abandoning module Android_PVRTCTargetPlatform (36)
[2016.06.25-21.54.12:836][110]LogModuleManager: Shutting down and abandoning module Android_MultiTargetPlatform (35)
[2016.06.25-21.54.12:836][110]LogModuleManager: Shutting down and abandoning module Android_ETC2TargetPlatform (34)
[2016.06.25-21.54.12:836][110]LogModuleManager: Shutting down and abandoning module Android_ETC1TargetPlatform (33)
[2016.06.25-21.54.12:836][110]LogModuleManager: Shutting down and abandoning module Android_DXTTargetPlatform (32)
[2016.06.25-21.54.12:836][110]LogModuleManager: Shutting down and abandoning module Android_ATCTargetPlatform (31)
[2016.06.25-21.54.12:836][110]LogModuleManager: Shutting down and abandoning module Android_ASTCTargetPlatform (30)
[2016.06.25-21.54.12:836][110]LogModuleManager: Shutting down and abandoning module AndroidTargetPlatform (29)
[2016.06.25-21.54.12:836][110]LogModuleManager: Shutting down and abandoning module WindowsTargetPlatform (28)
[2016.06.25-21.54.12:836][110]LogModuleManager: Shutting down and abandoning module WindowsServerTargetPlatform (27)
[2016.06.25-21.54.12:836][110]LogModuleManager: Shutting down and abandoning module WindowsNoEditorTargetPlatform (26)
[2016.06.25-21.54.12:836][110]LogModuleManager: Shutting down and abandoning module WindowsClientTargetPlatform (25)
[2016.06.25-21.54.12:836][110]LogModuleManager: Shutting down and abandoning module AllDesktopTargetPlatform (24)
[2016.06.25-21.54.12:836][110]LogModuleManager: Shutting down and abandoning module TargetPlatform (23)
[2016.06.25-21.54.12:836][110]LogModuleManager: Shutting down and abandoning module InputCore (22)
[2016.06.25-21.54.12:836][110]LogModuleManager: Shutting down and abandoning module Settings (21)
[2016.06.25-21.54.12:836][110]LogModuleManager: Shutting down and abandoning module OnlineSubsystem (19)
[2016.06.25-21.54.12:836][110]LogModuleManager: Shutting down and abandoning module HTTP (18)
[2016.06.25-21.54.14:839][110]LogModuleManager: Shutting down and abandoning module XMPP (17)
[2016.06.25-21.54.14:839][110]LogModuleManager: Shutting down and abandoning module OculusRift (16)
[2016.06.25-21.54.14:840][110]LogModuleManager: Shutting down and abandoning module ExampleDeviceProfileSelector (15)
[2016.06.25-21.54.14:840][110]LogModuleManager: Shutting down and abandoning module TextureCompressor (14)
[2016.06.25-21.54.14:841][110]LogModuleManager: Shutting down and abandoning module ShaderCore (13)
[2016.06.25-21.54.14:841][110]LogModuleManager: Shutting down and abandoning module Landscape (12)
[2016.06.25-21.54.14:841][110]LogModuleManager: Shutting down and abandoning module SlateRHIRenderer (11)
[2016.06.25-21.54.14:857][110]LogModuleManager: Shutting down and abandoning module OpenGLDrv (10)
[2016.06.25-21.54.14:857][110]LogModuleManager: Shutting down and abandoning module D3D11RHI (9)
[2016.06.25-21.54.14:857][110]LogModuleManager: Shutting down and abandoning module AnimGraphRuntime (8)
[2016.06.25-21.54.14:857][110]LogModuleManager: Shutting down and abandoning module Renderer (7)
[2016.06.25-21.54.14:857][110]LogModuleManager: Shutting down and abandoning module Engine (6)
[2016.06.25-21.54.14:857][110]LogModuleManager: Shutting down and abandoning module CoreUObject (5)
[2016.06.25-21.54.14:857][110]LogModuleManager: Shutting down and abandoning module NetworkFile (4)
[2016.06.25-21.54.14:857][110]LogModuleManager: Shutting down and abandoning module StreamingFile (3)
[2016.06.25-21.54.14:857][110]LogModuleManager: Shutting down and abandoning module SandboxFile (2)
[2016.06.25-21.54.14:857][110]LogModuleManager: Shutting down and abandoning module PakFile (1)
[2016.06.25-21.54.14:863][110]LogExit: Exiting.
[2016.06.25-21.54.14:868][110]Log file closed, 06/25/16 16:54:14
