Log file open, 06/15/16 21:33:43
LogInit:Display: Running engine for game: Videojuegos3
LogPlatformFile: Not using cached read wrapper
LogInit:Display: RandInit(1580983589) SRandInit(1580983590).
LogTaskGraph: Started task graph with 4 named threads and 5 total threads.
LogStats: Stats thread started at 0.070472
LogInit: Version: 4.11.2-2946394+++UE4+Release-4.11
LogInit: API Version: 2927265
LogInit: Compiled (64-bit): Apr 18 2016 02:18:46
LogInit: Compiled with Visual C++: 19.00.23026.00
LogInit: Build Configuration: Development
LogInit: Branch Name: ++UE4+Release-4.11
LogInit: Command line:  
LogInit: Base directory: C:/Program Files (x86)/Epic Games/4.11/Engine/Binaries/Win64/
LogInit: Installed Engine Build: 1
LogInit: Using libcurl 7.41.0
LogInit:  - built for x86_64-pc-win32
LogInit:  - supports SSL with WinSSL
LogInit:  - other features:
LogInit:      CURL_VERSION_SSL
LogInit:      CURL_VERSION_IPV6
LogInit:      CURL_VERSION_ASYNCHDNS
LogInit:      CURL_VERSION_LARGEFILE
LogInit:      CURL_VERSION_IDN
LogInit:  CurlRequestOptions (configurable via config and command line):
LogInit:  - bVerifyPeer = true  - Libcurl will verify peer certificate
LogInit:  - bUseHttpProxy = false  - Libcurl will NOT use HTTP proxy
LogInit:  - bDontReuseConnections = false  - Libcurl will reuse connections
LogInit:  - CertBundlePath = nullptr  - Libcurl will use whatever was configured at build time.
LogInit: Presizing for max 16777216 objects, including 0 objects not considered by GC, pre-allocating 0 bytes for permanent pool.
LogInit: Object subsystem initialized
[2016.06.16-02.33.43:272][  0]LogInit: Selected Device Profile: [Windows]
[2016.06.16-02.33.43:272][  0]LogInit: Applying CVar settings loaded from the selected device profile: [Windows]
[2016.06.16-02.33.43:373][  0]LogInit: Computer: METAL_REAR
[2016.06.16-02.33.43:373][  0]LogInit: User: Kevin
[2016.06.16-02.33.43:373][  0]LogInit: CPU Page size=65536, Cores=2
[2016.06.16-02.33.43:373][  0]LogInit: High frequency timer resolution =2.143476 MHz
[2016.06.16-02.33.43:374][  0]LogMemory: Memory total: Physical=7.9GB (8GB approx)
[2016.06.16-02.33.43:374][  0]LogMemory: Platform Memory Stats for Windows
[2016.06.16-02.33.43:374][  0]LogMemory: Process Physical Memory: 312.35 MB used, 312.35 MB peak
[2016.06.16-02.33.43:374][  0]LogMemory: Process Virtual Memory: 315.51 MB used, 315.51 MB peak
[2016.06.16-02.33.43:374][  0]LogMemory: Physical Memory: 5205.28 MB used, 8105.84 MB total
[2016.06.16-02.33.43:374][  0]LogMemory: Virtual Memory: 652.04 MB used, 134217728.00 MB total
[2016.06.16-02.33.43:444][  0]LogTextLocalizationManager: No specific translations for ('es-MX') exist, so ('es') translations will be used.
[2016.06.16-02.33.43:917][  0]LogD3D11RHI: D3D11 adapters:
[2016.06.16-02.33.43:926][  0]LogD3D11RHI:    0. 'Intel(R) HD Graphics 5500' (Feature Level 11_0)
[2016.06.16-02.33.43:926][  0]LogD3D11RHI:       128MB of dedicated video memory, 0MB of dedicated system memory, and 4052MB of shared system memory, 1 output[s]
[2016.06.16-02.33.44:491][  0]LogD3D11RHI:    1. 'AMD Radeon R9 M275' (Feature Level 11_0)
[2016.06.16-02.33.44:491][  0]LogD3D11RHI:       2026MB of dedicated video memory, 0MB of dedicated system memory, and 4052MB of shared system memory, 0 output[s]
[2016.06.16-02.33.44:494][  0]LogD3D11RHI:    2. 'Microsoft Basic Render Driver' (Feature Level 11_0)
[2016.06.16-02.33.44:494][  0]LogD3D11RHI:       0MB of dedicated video memory, 0MB of dedicated system memory, and 4052MB of shared system memory, 0 output[s]
[2016.06.16-02.33.44:494][  0]LogD3D11RHI: Chosen D3D11 Adapter: 0
[2016.06.16-02.33.44:508][  0]LogD3D11RHI: Creating new Direct3DDevice
[2016.06.16-02.33.44:508][  0]LogD3D11RHI:     Adapter Name: Intel(R) HD Graphics 5500
[2016.06.16-02.33.44:508][  0]LogD3D11RHI:   Driver Version: 20.19.15.4331 (internal 20.19.15.4331)
[2016.06.16-02.33.44:508][  0]LogD3D11RHI:      Driver Date: 11-18-2015
[2016.06.16-02.33.44:508][  0]LogRHI: Texture pool is 1361 MB (70% of 1945 MB)
[2016.06.16-02.33.44:521][  0]LogD3D11RHI: Async texture creation enabled
[2016.06.16-02.33.44:536][  0]LogShaderCompilers: Guid format shader working directory is -27 characters bigger than the processId version (../../../../../../Users/Kevin/Documents/GitHub/Videojuegos_3/Videojuegos3/Intermediate/Shaders/WorkingDirectory/5648/).
[2016.06.16-02.33.44:536][  0]LogShaderCompilers: Cleaned the shader compiler working directory 'C:/Users/Kevin/AppData/Local/Temp/UnrealShaderWorkingDir/45C4032E4EEFB19EBE29ECAA1655F99D/'.
[2016.06.16-02.33.44:536][  0]LogShaderCompilers:Display: Using Local Shader Compiler.
[2016.06.16-02.33.46:391][  0]LogTemp:Display: Loaded TP AllDesktopTargetPlatform
[2016.06.16-02.33.46:398][  0]LogTemp:Display: Loaded TP WindowsClientTargetPlatform
[2016.06.16-02.33.46:403][  0]LogTemp:Display: Loaded TP WindowsNoEditorTargetPlatform
[2016.06.16-02.33.46:410][  0]LogTemp:Display: Loaded TP WindowsServerTargetPlatform
[2016.06.16-02.33.46:417][  0]LogTemp:Display: Loaded TP WindowsTargetPlatform
[2016.06.16-02.33.46:421][  0]LogTemp:Display: Loaded TP AndroidTargetPlatform
[2016.06.16-02.33.46:425][  0]LogTemp:Display: Loaded TP Android_ASTCTargetPlatform
[2016.06.16-02.33.46:430][  0]LogTemp:Display: Loaded TP Android_ATCTargetPlatform
[2016.06.16-02.33.46:434][  0]LogTemp:Display: Loaded TP Android_DXTTargetPlatform
[2016.06.16-02.33.46:437][  0]LogTemp:Display: Loaded TP Android_ETC1TargetPlatform
[2016.06.16-02.33.46:441][  0]LogTemp:Display: Loaded TP Android_ETC2TargetPlatform
[2016.06.16-02.33.46:453][  0]LogTemp:Display: Loaded TP Android_MultiTargetPlatform
[2016.06.16-02.33.46:453][  0]LogTemp:Display: Loaded TP Android_PVRTCTargetPlatform
[2016.06.16-02.33.46:454][  0]LogTemp:Display: Loaded TP HTML5TargetPlatform
[2016.06.16-02.33.46:473][  0]LogTemp:Display: Loaded TP IOSTargetPlatform
[2016.06.16-02.33.46:479][  0]LogTemp:Display: Loaded TP TVOSTargetPlatform
[2016.06.16-02.33.46:483][  0]LogTemp:Display: Loaded TP LinuxNoEditorTargetPlatform
[2016.06.16-02.33.46:487][  0]LogTemp:Display: Loaded TP LinuxServerTargetPlatform
[2016.06.16-02.33.46:493][  0]LogTemp:Display: Loaded TP LinuxTargetPlatform
[2016.06.16-02.33.46:493][  0]LogTargetPlatformManager:Display: Building Assets For Windows
[2016.06.16-02.33.46:586][  0]LogDerivedDataCache:Display: Max Cache Size: 512 MB
[2016.06.16-02.33.46:696][  0]LogDerivedDataCache: Loaded boot cache 0.11s 46MB C:/Users/Kevin/AppData/Local/UnrealEngine/4.11/DerivedDataCache/Boot.ddc.
[2016.06.16-02.33.46:696][  0]LogDerivedDataCache:Display: Loaded Boot cache: C:/Users/Kevin/AppData/Local/UnrealEngine/4.11/DerivedDataCache/Boot.ddc
[2016.06.16-02.33.46:696][  0]LogDerivedDataCache: FDerivedDataBackendGraph:  Pak pak cache file ../../../../../../Users/Kevin/Documents/GitHub/Videojuegos_3/Videojuegos3/DerivedDataCache/DDC.ddp not found, will not use a pak cache.
[2016.06.16-02.33.46:696][  0]LogDerivedDataCache: Unable to find inner node Pak for hierarchical cache Hierarchy.
[2016.06.16-02.33.46:696][  0]LogDerivedDataCache: FDerivedDataBackendGraph:  CompressedPak pak cache file ../../../../../../Users/Kevin/Documents/GitHub/Videojuegos_3/Videojuegos3/DerivedDataCache/Compressed.ddp not found, will not use a pak cache.
[2016.06.16-02.33.46:696][  0]LogDerivedDataCache: Unable to find inner node CompressedPak for hierarchical cache Hierarchy.
[2016.06.16-02.33.46:726][  0]LogDerivedDataCache:Display: Pak cache opened for reading ../../../Engine/DerivedDataCache/Compressed.ddp.
[2016.06.16-02.33.46:738][  0]LogDerivedDataCache: Using Local data cache path C:/Users/Kevin/AppData/Local/UnrealEngine/Common/DerivedDataCache: Writable
[2016.06.16-02.33.46:980][  0]LogInit: Selected Device Profile: [Windows]
[2016.06.16-02.33.46:981][  0]LogContentStreaming: Texture pool size is 0.00 MB
[2016.06.16-02.33.47:032][  0]LogMaterial: Uniform references updated for custom material expression Custom.
[2016.06.16-02.33.47:201][  0]LogMeshUtilities: No automatic mesh reduction module available
[2016.06.16-02.33.47:201][  0]LogMeshUtilities: No automatic mesh merging module available
[2016.06.16-02.33.47:201][  0]LogMeshUtilities: No distributed automatic mesh merging module available
[2016.06.16-02.33.47:564][  0]LogUObjectArray: 27679 objects as part of root set at end of initial load.
[2016.06.16-02.33.47:564][  0]LogUObjectAllocator: 5591592 out of 0 bytes used by permanent object pool.
[2016.06.16-02.33.47:564][  0]LogUObjectArray: CloseDisregardForGC: 0/0 objects in disregard for GC pool
[2016.06.16-02.33.47:572][  0]LogInit: WinSock: version 1.1 (2.2), MaxSocks=32767, MaxUdp=65467
[2016.06.16-02.33.47:684][  0]LogSlate: SlateFontCache - WITH_FREETYPE: 1, WITH_HARFBUZZ: 1
[2016.06.16-02.33.47:684][  0]LogSlate: SlateFontCache - WITH_FREETYPE: 1, WITH_HARFBUZZ: 1
[2016.06.16-02.33.47:818][  0]LogStreaming:Warning: Failed to read file '../../../Engine/Content/Editor/Slate/Common/Selection_16x.png' error.
[2016.06.16-02.33.47:818][  0]LogSlate: Could not find file for Slate resource: ../../../Engine/Content/Editor/Slate/Common/Selection_16x.png
[2016.06.16-02.33.47:818][  0]LogStreaming:Warning: Failed to read file '../../../Engine/Content/Editor/Slate/Common/Selection_16x.png' error.
[2016.06.16-02.33.47:818][  0]LogSlate: Could not find file for Slate resource: ../../../Engine/Content/Editor/Slate/Common/Selection_16x.png
[2016.06.16-02.33.47:818][  0]LogStreaming:Warning: Failed to read file '../../../Engine/Content/Editor/Slate/Common/Selection_16x.png' error.
[2016.06.16-02.33.47:818][  0]LogSlate: Could not find file for Slate resource: ../../../Engine/Content/Editor/Slate/Common/Selection_16x.png
[2016.06.16-02.33.48:699][  0]LogUdpMessaging: Initializing bridge on interface 0.0.0.0:0 to multicast group 230.0.0.1:6666.
[2016.06.16-02.33.48:884][  0]LogAssetRegistry: FAssetRegistry took 0.0233 seconds to start up
[2016.06.16-02.33.49:132][  0]SourceControl: Información El control de código fuente está desactivado
[2016.06.16-02.33.49:220][  0]SourceControl: Información El control de código fuente está desactivado
[2016.06.16-02.33.49:234][  0]SourceControl: Información El control de código fuente está desactivado
[2016.06.16-02.33.49:245][  0]SourceControl: Información El control de código fuente está desactivado
[2016.06.16-02.33.49:391][  0]LogHMD: Failed to initialize OpenVR with code 110
[2016.06.16-02.33.49:476][  0]LogEngine: Initializing Engine...
[2016.06.16-02.33.49:702][  0]LogAIModule: Creating AISystem for world NewWorld
[2016.06.16-02.33.49:709][  0]LogInit: XAudio2 using 'Altavoces (Realtek High Definition Audio)' : 2 channels at 48 kHz using 32 bits per sample (channel mask 0x3)
[2016.06.16-02.33.49:730][  0]LogInit: FAudioDevice initialized.
[2016.06.16-02.33.49:770][  0]LogDerivedDataCache: Saved boot cache 0.04s 46MB C:/Users/Kevin/AppData/Local/UnrealEngine/4.11/DerivedDataCache/Boot.ddc.
[2016.06.16-02.33.49:783][  0]LogInit: Texture streaming: Enabled
[2016.06.16-02.33.49:858][  0]LogInit: Transaction tracking system initialized
[2016.06.16-02.33.49:938][  0]BlueprintLog: New page: Cargar el editor
[2016.06.16-02.33.50:074][  0]LocalizationService: Información Localization service is disabled
[2016.06.16-02.33.50:336][  0]LogConsoleResponse:Display: 
[2016.06.16-02.33.50:521][  0]LogCook:Display: Max memory allowance for cook 8192mb
[2016.06.16-02.33.50:522][  0]LogCook:Display: Mobile HDR setting 1
[2016.06.16-02.33.50:522][  0]LogCook:Display: Done creating registry. It took  0.00s.
[2016.06.16-02.33.50:595][  0]LogFileCache: Scanning file cache for directory 'C:/Users/Kevin/Documents/GitHub/Videojuegos_3/Videojuegos3/Content/' took 0.04s
[2016.06.16-02.33.50:595][  0]SourceControl: Información El control de código fuente está desactivado
[2016.06.16-02.33.50:595][  0]Cmd: MAP LOAD FILE="../../../../../../Users/Kevin/Documents/GitHub/Videojuegos_3/Videojuegos3/Content/FirstPersonBP/Maps/FirstPersonExampleMap.umap" TEMPLATE=0 SHOWPROGRESS=1 FEATURELEVEL=3
[2016.06.16-02.33.50:634][  0]LightingResults: New page: Diseñar la iluminación
[2016.06.16-02.33.50:637][  0]MapCheck: New page: Revisión del mapa
[2016.06.16-02.33.50:637][  0]LightingResults: New page: Diseñar la iluminación
[2016.06.16-02.33.59:410][  0]LogAIModule: Creating AISystem for world FirstPersonExampleMap
[2016.06.16-02.33.59:739][  0]LogEditorServer: Finished looking for orphan Actors (0.000 secs)
[2016.06.16-02.33.59:764][  0]Cmd: MAP CHECKDEP NOCLEARLOG
[2016.06.16-02.33.59:899][  0]MapCheck: Información Map check complete: 0 Error(s), 0 Warning(s), took 134.999ms to complete.
[2016.06.16-02.33.59:899][  0]LogFileHelpers: Loading map 'FirstPersonExampleMap' took 9.304
[2016.06.16-02.34.00:939][  0]LogCollectionManager: Loaded 0 collections in 0.002344 seconds
[2016.06.16-02.34.01:128][  0]LogFileCache: Scanning file cache for directory 'C:/Users/Kevin/Documents/GitHub/Videojuegos_3/Videojuegos3/Saved/Collections/' took 0.01s
[2016.06.16-02.34.01:128][  0]LogFileCache: Scanning file cache for directory 'C:/Users/Kevin/Documents/GitHub/Videojuegos_3/Videojuegos3/Content/Developers/Kevin/Collections/' took 0.01s
[2016.06.16-02.34.01:128][  0]LogFileCache: Scanning file cache for directory 'C:/Users/Kevin/Documents/GitHub/Videojuegos_3/Videojuegos3/Content/Collections/' took 0.01s
[2016.06.16-02.34.01:128][  0]LogCollectionManager: Rebuilt the GUID cache for 0 collections in 0.000006 seconds
[2016.06.16-02.34.01:155][  0]LogContentBrowser: Native class hierarchy populated in 0.0263 seconds. Added 1979 classes and 343 folders.
[2016.06.16-02.34.01:278][  0]LogStats: UGameplayTagsManager::ConstructGameplayTagTree: Construct from data asset -  0.000 s
[2016.06.16-02.34.01:278][  0]LogStats: UGameplayTagsManager::ConstructGameplayTagTree: GameplayTagTreeChangedEvent.Broadcast -  0.000 s
[2016.06.16-02.34.01:279][  0]LogContentBrowser: Native class hierarchy updated for 'GameplayTags' in 0.0010 seconds. Added 12 classes and 0 folders.
[2016.06.16-02.34.01:311][  0]LogContentBrowser: Native class hierarchy updated for 'WidgetCarousel' in 0.0013 seconds. Added 0 classes and 0 folders.
[2016.06.16-02.34.01:510][  0]LogContentBrowser: Native class hierarchy updated for 'SuperSearch' in 0.0019 seconds. Added 1 classes and 2 folders.
[2016.06.16-02.34.03:832][  0]LogContentBrowser: Native class hierarchy updated for 'AddContentDialog' in 0.0008 seconds. Added 0 classes and 0 folders.
[2016.06.16-02.34.03:905][  0]LogContentBrowser: Native class hierarchy updated for 'SceneOutliner' in 0.0010 seconds. Added 1 classes and 2 folders.
[2016.06.16-02.34.06:358][  0]LogCrashTracker: Crashtracker disabled due to settings.
[2016.06.16-02.34.06:671][  0]LogUObjectGlobals:Warning: Error al encontrar el objeto 'Class Ninguno.'
[2016.06.16-02.34.06:715][  0]LogContentBrowser: Native class hierarchy updated for 'HierarchicalLODOutliner' in 0.0005 seconds. Added 1 classes and 2 folders.
[2016.06.16-02.34.06:715][  0]LogLoad: Full Startup: 24.94 seconds (BP compile: 0.94 seconds)
[2016.06.16-02.34.06:715][  0]LogExternalProfiler: Found external profiler: VSPerf
[2016.06.16-02.34.06:715][  0]LogExternalProfiler: Using external profiler: VSPerf
[2016.06.16-02.34.06:724][  0]LogWindowsTextInputMethodSystem:Display: IME system now deactivated.
[2016.06.16-02.34.06:725][  0]LogOcInput: OculusInput pre-init called
[2016.06.16-02.34.07:337][  0]LogContentStreaming: Texture pool size now 200 MB
[2016.06.16-02.34.08:608][  0]LogRenderer: Reallocating scene render targets to support 764x368 (Frame:2).
[2016.06.16-02.34.10:003][  2]LogAssetRegistry: Asset discovery search completed in 21.1419 seconds
[2016.06.16-02.34.10:003][  2]LogCollectionManager: Rebuilt the object cache for 0 collections in 0.000001 seconds (found 0 objects)
[2016.06.16-02.34.10:003][  2]LogCollectionManager: Fixed up redirectors for 0 collections in 0.000039 seconds (updated 0 objects)
[2016.06.16-02.37.18:172][745]LogBlueprintUserMessages: Early PlayInEditor Detection: Level '/Game/FirstPersonBP/Maps/FirstPersonExampleMap.FirstPersonExampleMap:PersistentLevel' has LevelScriptBlueprint '/Game/FirstPersonBP/Maps/FirstPersonExampleMap.FirstPersonExampleMap:PersistentLevel.FirstPersonExampleMap' with GeneratedClass '/Game/FirstPersonBP/Maps/FirstPersonExampleMap.FirstPersonExampleMap_C' with ClassGeneratedBy '/Game/FirstPersonBP/Maps/FirstPersonExampleMap.FirstPersonExampleMap:PersistentLevel.FirstPersonExampleMap'
[2016.06.16-02.37.18:172][745]LogPlayLevel: PlayLevel: No blueprints needed recompiling
[2016.06.16-02.37.18:557][745]PIE: New page: Sesión PIE (reproducción en el editor): FirstPersonExampleMap (15/06/2016 15:37:18)
[2016.06.16-02.37.18:557][745]LogPlayLevel: Creating play world package: /Game/FirstPersonBP/Maps/UEDPIE_0_FirstPersonExampleMap
[2016.06.16-02.37.18:672][745]LogPlayLevel: PIE: StaticDuplicateObject took: (0.115386s)
[2016.06.16-02.37.18:675][745]LogAIModule: Creating AISystem for world FirstPersonExampleMap
[2016.06.16-02.37.18:675][745]LogPlayLevel: PIE: World Init took: (0.002579s)
[2016.06.16-02.37.18:694][745]LogPlayLevel: PIE: Created PIE world by copying editor world from /Game/FirstPersonBP/Maps/FirstPersonExampleMap.FirstPersonExampleMap to /Game/FirstPersonBP/Maps/UEDPIE_0_FirstPersonExampleMap.FirstPersonExampleMap (0.137204s)
[2016.06.16-02.37.18:764][745]LogActorComponent: UnregisterComponent: (/Engine/Transient.ProjectileMovementComponent_40__A6522401) Not registered. Aborting.
[2016.06.16-02.37.18:764][745]LogActorComponent: UnregisterComponent: (/Engine/Transient.CharMoveComp) Not registered. Aborting.
[2016.06.16-02.37.18:902][745]LogInit: XAudio2 using 'Altavoces (Realtek High Definition Audio)' : 2 channels at 48 kHz using 32 bits per sample (channel mask 0x3)
[2016.06.16-02.37.18:923][745]LogInit: FAudioDevice initialized.
[2016.06.16-02.37.19:138][745]LogWorld: Game class is 'FirstPersonGameMode_C'
[2016.06.16-02.37.19:207][745]LogWorld: Bringing World /Game/FirstPersonBP/Maps/UEDPIE_0_FirstPersonExampleMap.FirstPersonExampleMap up for play (max tick rate 0) at 2016.06.15-21.37.19
[2016.06.16-02.37.19:230][745]LogWorld: Bringing up level for play took: 0.038122
[2016.06.16-02.37.19:536][745]LogContentBrowser: Native class hierarchy updated for 'MovieSceneCapture' in 0.0015 seconds. Added 9 classes and 0 folders.
[2016.06.16-02.37.19:578][745]PIE: Información Tiempo de inicio de la reproducción en el editor para  /Game/FirstPersonBP/Maps/UEDPIE_0_FirstPersonExampleMap 0.556
[2016.06.16-02.37.19:580][745]LogBlueprintUserMessages: Late PlayInEditor Detection: Level '/Game/FirstPersonBP/Maps/FirstPersonExampleMap.FirstPersonExampleMap:PersistentLevel' has LevelScriptBlueprint '/Game/FirstPersonBP/Maps/FirstPersonExampleMap.FirstPersonExampleMap:PersistentLevel.FirstPersonExampleMap' with GeneratedClass '/Game/FirstPersonBP/Maps/FirstPersonExampleMap.FirstPersonExampleMap_C' with ClassGeneratedBy '/Game/FirstPersonBP/Maps/FirstPersonExampleMap.FirstPersonExampleMap:PersistentLevel.FirstPersonExampleMap'
[2016.06.16-02.39.25:048][760]LogBlueprintUserMessages: Early EndPlayMap Detection: Level '/Game/FirstPersonBP/Maps/FirstPersonExampleMap.FirstPersonExampleMap:PersistentLevel' has LevelScriptBlueprint '/Game/FirstPersonBP/Maps/FirstPersonExampleMap.FirstPersonExampleMap:PersistentLevel.FirstPersonExampleMap' with GeneratedClass '/Game/FirstPersonBP/Maps/FirstPersonExampleMap.FirstPersonExampleMap_C' with ClassGeneratedBy '/Game/FirstPersonBP/Maps/FirstPersonExampleMap.FirstPersonExampleMap:PersistentLevel.FirstPersonExampleMap'
[2016.06.16-02.39.25:235][760]LogBlueprintUserMessages: Late EndPlayMap Detection: Level '/Game/FirstPersonBP/Maps/FirstPersonExampleMap.FirstPersonExampleMap:PersistentLevel' has LevelScriptBlueprint '/Game/FirstPersonBP/Maps/FirstPersonExampleMap.FirstPersonExampleMap:PersistentLevel.FirstPersonExampleMap' with GeneratedClass '/Game/FirstPersonBP/Maps/FirstPersonExampleMap.FirstPersonExampleMap_C' with ClassGeneratedBy '/Game/FirstPersonBP/Maps/FirstPersonExampleMap.FirstPersonExampleMap:PersistentLevel.FirstPersonExampleMap'
[2016.06.16-02.39.30:208][945]LogContentBrowser: Native class hierarchy updated for 'BlueprintGraph' in 0.0025 seconds. Added 108 classes and 0 folders.
[2016.06.16-02.39.36:474][ 36]LogRenderer: Reallocating scene render targets to support 764x580 (Frame:1289).
[2016.06.16-02.41.57:052][691]LogActorComponent: UnregisterComponent: (/Engine/Transient.ProjectileMovementComponent_40__A6522401) Not registered. Aborting.
[2016.06.16-02.41.57:052][691]LogActorComponent: UnregisterComponent: (/Engine/Transient.CharMoveComp) Not registered. Aborting.
[2016.06.16-02.42.16:664][761]LogActorComponent: UnregisterComponent: (/Engine/Transient.CharacterMovementComponent_0) Not registered. Aborting.
[2016.06.16-02.42.27:648][378]LogProperty:Warning: ObjectProperty /Script/Engine.EdGraphPin:LinkedTo.LinkedTo: unresolved reference to 'EdGraphPin'K2Node_Event_140.EdGraphPin_30443''
[2016.06.16-02.42.27:685][378]LogActorComponent: UnregisterComponent: (/Engine/Transient.CharacterMovementComponent_1) Not registered. Aborting.
[2016.06.16-02.43.40:833][355]LogBlueprintUserMessages: Early PlayInEditor Detection: Level '/Game/FirstPersonBP/Maps/FirstPersonExampleMap.FirstPersonExampleMap:PersistentLevel' has LevelScriptBlueprint '/Game/FirstPersonBP/Maps/FirstPersonExampleMap.FirstPersonExampleMap:PersistentLevel.FirstPersonExampleMap' with GeneratedClass '/Game/FirstPersonBP/Maps/FirstPersonExampleMap.FirstPersonExampleMap_C' with ClassGeneratedBy '/Game/FirstPersonBP/Maps/FirstPersonExampleMap.FirstPersonExampleMap:PersistentLevel.FirstPersonExampleMap'
[2016.06.16-02.43.40:833][355]BlueprintLog: New page: Pre-Play auto-recompile
[2016.06.16-02.43.40:846][355]LogActorComponent: UnregisterComponent: (/Engine/Transient.CharacterMovementComponent_2) Not registered. Aborting.
[2016.06.16-02.43.40:860][355]LogPlayLevel: [PlayLevel] Compiling FirstPersonCharacter before play...
[2016.06.16-02.43.40:939][355]LogBlueprint:Error: [compiler FirstPersonCharacter] Error The current value of the ' Object Types ' pin is invalid: Array inputs (like 'Object Types') must have an input wired into them (try connecting a MakeArray node).
[2016.06.16-02.43.41:189][355]LogBlueprint:Warning: [compiler FirstPersonCharacter] Aviso [0599.42] Compile of FirstPersonCharacter failed. 1 Fatal Issue(s) 0 Warning(s) [in 270 ms]
[2016.06.16-02.43.41:189][355]LogBlueprint:Warning: [compiler FirstPersonCharacter] Aviso [0599.42] Compile of FirstPersonCharacter failed. 1 Fatal Issue(s) 1 Warning(s) [in 0 ms]
[2016.06.16-02.43.41:189][355]LogBlueprint:Warning: [compiler FirstPersonCharacter] Aviso [0599.42] Compile of FirstPersonCharacter failed. 1 Fatal Issue(s) 2 Warning(s) [in 0 ms]
[2016.06.16-02.43.41:189][355]LogBlueprint:Warning: [compiler FirstPersonCharacter] Aviso [0599.42] Compile of FirstPersonCharacter failed. 1 Fatal Issue(s) 3 Warning(s) [in 0 ms]
[2016.06.16-02.43.41:195][355]LogBlueprint:Warning: [compiler FirstPersonCharacter] Aviso [0599.42] Compile of FirstPersonCharacter failed. 1 Fatal Issue(s) 4 Warning(s) [in 5 ms]
[2016.06.16-02.43.41:195][355]LogBlueprint:Warning: [compiler FirstPersonCharacter] Aviso [0599.42] Compile of FirstPersonCharacter failed. 1 Fatal Issue(s) 5 Warning(s) [in 0 ms]
[2016.06.16-02.43.41:213][355]LogPlayLevel: PlayLevel: Blueprint regeneration took 379 ms (1 blueprints)
[2016.06.16-02.43.41:315][355]BlueprintLog: Información Error al compilar el Blueprint FirstPersonCharacter
[2016.06.16-02.44.07:851][696]BlueprintLog: New page: Compilar FirstPersonCharacter
[2016.06.16-02.44.07:946][696]LogBlueprint:Error: [compiler FirstPersonCharacter] Error The current value of the ' Object Types ' pin is invalid: Array inputs (like 'Object Types') must have an input wired into them (try connecting a MakeArray node).
[2016.06.16-02.44.07:953][696]LogActorComponent: UnregisterComponent: (/Engine/Transient.CharMoveComp) Not registered. Aborting.
[2016.06.16-02.44.08:137][696]LogBlueprint:Warning: [compiler FirstPersonCharacter] Aviso [0626.37] Compile of FirstPersonCharacter failed. 1 Fatal Issue(s) 0 Warning(s) [in 285 ms]
[2016.06.16-02.44.08:175][696]BlueprintEditorCompileResults:Error: Error The current value of the ' Object Types ' pin is invalid: Array inputs (like 'Object Types') must have an input wired into them (try connecting a MakeArray node).
[2016.06.16-02.44.08:175][696]BlueprintEditorCompileResults:Warning: Aviso [0626.37] Compile of FirstPersonCharacter failed. 1 Fatal Issue(s) 0 Warning(s) [in 285 ms]
[2016.06.16-02.44.28:545][823]BlueprintLog: New page: Compilar FirstPersonCharacter
[2016.06.16-02.44.28:633][823]LogActorComponent: UnregisterComponent: (/Engine/Transient.CharMoveComp) Not registered. Aborting.
[2016.06.16-02.44.29:455][823]LogSavePackage: Save=417.86ms
[2016.06.16-02.44.29:456][823]LogSavePackage: Moving '../../../../../../Users/Kevin/Documents/GitHub/Videojuegos_3/Videojuegos3/Saved/FirstPersonCharacter8315188B4F4D4A33E2AA67B1DA970626.tmp' to '../../../../../../Users/Kevin/Documents/GitHub/Videojuegos_3/Videojuegos3/Content/FirstPersonBP/Blueprints/FirstPersonCharacter.uasset'
[2016.06.16-02.44.29:465][823]LogSavePackage: Total save time: 510.32ms
[2016.06.16-02.44.29:465][823]LogSavePackage:Display: Finished SavePackage ../../../../../../Users/Kevin/Documents/GitHub/Videojuegos_3/Videojuegos3/Content/FirstPersonBP/Blueprints/FirstPersonCharacter.uasset
[2016.06.16-02.44.29:469][823]BlueprintEditorCompileResults: Información [0647.70] Compile of FirstPersonCharacter successful! [in 924 ms]
[2016.06.16-02.44.33:175][111]LogBlueprintUserMessages: Early PlayInEditor Detection: Level '/Game/FirstPersonBP/Maps/FirstPersonExampleMap.FirstPersonExampleMap:PersistentLevel' has LevelScriptBlueprint '/Game/FirstPersonBP/Maps/FirstPersonExampleMap.FirstPersonExampleMap:PersistentLevel.FirstPersonExampleMap' with GeneratedClass '/Game/FirstPersonBP/Maps/FirstPersonExampleMap.FirstPersonExampleMap_C' with ClassGeneratedBy '/Game/FirstPersonBP/Maps/FirstPersonExampleMap.FirstPersonExampleMap:PersistentLevel.FirstPersonExampleMap'
[2016.06.16-02.44.33:176][111]LogPlayLevel: PlayLevel: No blueprints needed recompiling
[2016.06.16-02.44.33:176][111]PIE: New page: Sesión PIE (reproducción en el editor): FirstPersonExampleMap (15/06/2016 15:44:33)
[2016.06.16-02.44.33:176][111]LogPlayLevel: Creating play world package: /Game/FirstPersonBP/Maps/UEDPIE_0_FirstPersonExampleMap
[2016.06.16-02.44.33:254][111]LogPlayLevel: PIE: StaticDuplicateObject took: (0.077936s)
[2016.06.16-02.44.33:255][111]LogAIModule: Creating AISystem for world FirstPersonExampleMap
[2016.06.16-02.44.33:255][111]LogPlayLevel: PIE: World Init took: (0.001354s)
[2016.06.16-02.44.33:255][111]LogPlayLevel: PIE: Created PIE world by copying editor world from /Game/FirstPersonBP/Maps/FirstPersonExampleMap.FirstPersonExampleMap to /Game/FirstPersonBP/Maps/UEDPIE_0_FirstPersonExampleMap.FirstPersonExampleMap (0.079584s)
[2016.06.16-02.44.33:255][111]LogActorComponent: UnregisterComponent: (/Engine/Transient.CharMoveComp) Not registered. Aborting.
[2016.06.16-02.44.33:309][111]LogInit: XAudio2 using 'Altavoces (Realtek High Definition Audio)' : 2 channels at 48 kHz using 32 bits per sample (channel mask 0x3)
[2016.06.16-02.44.33:334][111]LogInit: FAudioDevice initialized.
[2016.06.16-02.44.33:383][111]LogWorld: Game class is 'FirstPersonGameMode_C'
[2016.06.16-02.44.33:397][111]LogWorld: Bringing World /Game/FirstPersonBP/Maps/UEDPIE_0_FirstPersonExampleMap.FirstPersonExampleMap up for play (max tick rate 0) at 2016.06.15-21.44.33
[2016.06.16-02.44.33:398][111]LogWorld: Bringing up level for play took: 0.013626
[2016.06.16-02.44.33:402][111]PIE: Información Tiempo de inicio de la reproducción en el editor para  /Game/FirstPersonBP/Maps/UEDPIE_0_FirstPersonExampleMap 0.38
[2016.06.16-02.44.33:402][111]LogBlueprintUserMessages: Late PlayInEditor Detection: Level '/Game/FirstPersonBP/Maps/FirstPersonExampleMap.FirstPersonExampleMap:PersistentLevel' has LevelScriptBlueprint '/Game/FirstPersonBP/Maps/FirstPersonExampleMap.FirstPersonExampleMap:PersistentLevel.FirstPersonExampleMap' with GeneratedClass '/Game/FirstPersonBP/Maps/FirstPersonExampleMap.FirstPersonExampleMap_C' with ClassGeneratedBy '/Game/FirstPersonBP/Maps/FirstPersonExampleMap.FirstPersonExampleMap:PersistentLevel.FirstPersonExampleMap'
[2016.06.16-02.44.55:846][331]LogBlueprintUserMessages: Early EndPlayMap Detection: Level '/Game/FirstPersonBP/Maps/FirstPersonExampleMap.FirstPersonExampleMap:PersistentLevel' has LevelScriptBlueprint '/Game/FirstPersonBP/Maps/FirstPersonExampleMap.FirstPersonExampleMap:PersistentLevel.FirstPersonExampleMap' with GeneratedClass '/Game/FirstPersonBP/Maps/FirstPersonExampleMap.FirstPersonExampleMap_C' with ClassGeneratedBy '/Game/FirstPersonBP/Maps/FirstPersonExampleMap.FirstPersonExampleMap:PersistentLevel.FirstPersonExampleMap'
[2016.06.16-02.44.55:899][331]LogBlueprintUserMessages: Late EndPlayMap Detection: Level '/Game/FirstPersonBP/Maps/FirstPersonExampleMap.FirstPersonExampleMap:PersistentLevel' has LevelScriptBlueprint '/Game/FirstPersonBP/Maps/FirstPersonExampleMap.FirstPersonExampleMap:PersistentLevel.FirstPersonExampleMap' with GeneratedClass '/Game/FirstPersonBP/Maps/FirstPersonExampleMap.FirstPersonExampleMap_C' with ClassGeneratedBy '/Game/FirstPersonBP/Maps/FirstPersonExampleMap.FirstPersonExampleMap:PersistentLevel.FirstPersonExampleMap'
[2016.06.16-02.45.14:562][263]LogBlueprintUserMessages: Early PlayInEditor Detection: Level '/Game/FirstPersonBP/Maps/FirstPersonExampleMap.FirstPersonExampleMap:PersistentLevel' has LevelScriptBlueprint '/Game/FirstPersonBP/Maps/FirstPersonExampleMap.FirstPersonExampleMap:PersistentLevel.FirstPersonExampleMap' with GeneratedClass '/Game/FirstPersonBP/Maps/FirstPersonExampleMap.FirstPersonExampleMap_C' with ClassGeneratedBy '/Game/FirstPersonBP/Maps/FirstPersonExampleMap.FirstPersonExampleMap:PersistentLevel.FirstPersonExampleMap'
[2016.06.16-02.45.14:562][263]BlueprintLog: New page: Pre-Play auto-recompile
[2016.06.16-02.45.14:572][263]LogActorComponent: UnregisterComponent: (/Engine/Transient.CharMoveComp) Not registered. Aborting.
[2016.06.16-02.45.14:587][263]LogPlayLevel: [PlayLevel] Compiling FirstPersonCharacter before play...
[2016.06.16-02.45.15:102][263]LogSavePackage: Save=303.71ms
[2016.06.16-02.45.15:102][263]LogSavePackage: Moving '../../../../../../Users/Kevin/Documents/GitHub/Videojuegos_3/Videojuegos3/Saved/FirstPersonCharacterBCB243BD4030E0D5B8D9C6BAE8BA1C55.tmp' to '../../../../../../Users/Kevin/Documents/GitHub/Videojuegos_3/Videojuegos3/Content/FirstPersonBP/Blueprints/FirstPersonCharacter.uasset'
[2016.06.16-02.45.15:109][263]LogSavePackage: Total save time: 312.45ms
[2016.06.16-02.45.15:109][263]LogSavePackage:Display: Finished SavePackage ../../../../../../Users/Kevin/Documents/GitHub/Videojuegos_3/Videojuegos3/Content/FirstPersonBP/Blueprints/FirstPersonCharacter.uasset
[2016.06.16-02.45.15:112][263]LogPlayLevel: PlayLevel: Blueprint regeneration took 549 ms (1 blueprints)
[2016.06.16-02.45.15:112][263]LogActorComponent: UnregisterComponent: (/Engine/Transient.CharacterMovementComponent_3) Not registered. Aborting.
[2016.06.16-02.45.15:157][263]PIE: New page: Sesión PIE (reproducción en el editor): FirstPersonExampleMap (15/06/2016 15:45:15)
[2016.06.16-02.45.15:157][263]LogPlayLevel: Creating play world package: /Game/FirstPersonBP/Maps/UEDPIE_0_FirstPersonExampleMap
[2016.06.16-02.45.15:187][263]LogPlayLevel: PIE: StaticDuplicateObject took: (0.030089s)
[2016.06.16-02.45.15:189][263]LogAIModule: Creating AISystem for world FirstPersonExampleMap
[2016.06.16-02.45.15:189][263]LogPlayLevel: PIE: World Init took: (0.001296s)
[2016.06.16-02.45.15:189][263]LogPlayLevel: PIE: Created PIE world by copying editor world from /Game/FirstPersonBP/Maps/FirstPersonExampleMap.FirstPersonExampleMap to /Game/FirstPersonBP/Maps/UEDPIE_0_FirstPersonExampleMap.FirstPersonExampleMap (0.031658s)
[2016.06.16-02.45.15:230][263]LogInit: XAudio2 using 'Altavoces (Realtek High Definition Audio)' : 2 channels at 48 kHz using 32 bits per sample (channel mask 0x3)
[2016.06.16-02.45.15:243][263]LogInit: FAudioDevice initialized.
[2016.06.16-02.45.15:275][263]LogWorld: Game class is 'FirstPersonGameMode_C'
[2016.06.16-02.45.15:280][263]LogWorld: Bringing World /Game/FirstPersonBP/Maps/UEDPIE_0_FirstPersonExampleMap.FirstPersonExampleMap up for play (max tick rate 0) at 2016.06.15-21.45.15
[2016.06.16-02.45.15:281][263]LogWorld: Bringing up level for play took: 0.005651
[2016.06.16-02.45.15:282][263]PIE: Información Tiempo de inicio de la reproducción en el editor para  /Game/FirstPersonBP/Maps/UEDPIE_0_FirstPersonExampleMap 0.261
[2016.06.16-02.45.15:283][263]LogBlueprintUserMessages: Late PlayInEditor Detection: Level '/Game/FirstPersonBP/Maps/FirstPersonExampleMap.FirstPersonExampleMap:PersistentLevel' has LevelScriptBlueprint '/Game/FirstPersonBP/Maps/FirstPersonExampleMap.FirstPersonExampleMap:PersistentLevel.FirstPersonExampleMap' with GeneratedClass '/Game/FirstPersonBP/Maps/FirstPersonExampleMap.FirstPersonExampleMap_C' with ClassGeneratedBy '/Game/FirstPersonBP/Maps/FirstPersonExampleMap.FirstPersonExampleMap:PersistentLevel.FirstPersonExampleMap'
[2016.06.16-02.45.34:904][551]LogBlueprintUserMessages: Early EndPlayMap Detection: Level '/Game/FirstPersonBP/Maps/FirstPersonExampleMap.FirstPersonExampleMap:PersistentLevel' has LevelScriptBlueprint '/Game/FirstPersonBP/Maps/FirstPersonExampleMap.FirstPersonExampleMap:PersistentLevel.FirstPersonExampleMap' with GeneratedClass '/Game/FirstPersonBP/Maps/FirstPersonExampleMap.FirstPersonExampleMap_C' with ClassGeneratedBy '/Game/FirstPersonBP/Maps/FirstPersonExampleMap.FirstPersonExampleMap:PersistentLevel.FirstPersonExampleMap'
[2016.06.16-02.45.34:955][551]LogBlueprintUserMessages: Late EndPlayMap Detection: Level '/Game/FirstPersonBP/Maps/FirstPersonExampleMap.FirstPersonExampleMap:PersistentLevel' has LevelScriptBlueprint '/Game/FirstPersonBP/Maps/FirstPersonExampleMap.FirstPersonExampleMap:PersistentLevel.FirstPersonExampleMap' with GeneratedClass '/Game/FirstPersonBP/Maps/FirstPersonExampleMap.FirstPersonExampleMap_C' with ClassGeneratedBy '/Game/FirstPersonBP/Maps/FirstPersonExampleMap.FirstPersonExampleMap:PersistentLevel.FirstPersonExampleMap'
[2016.06.16-02.45.34:955][551]LogActorComponent: UnregisterComponent: (/Engine/Transient.CharMoveComp) Not registered. Aborting.
[2016.06.16-02.46.00:368][ 19]LogBlueprintUserMessages: Early PlayInEditor Detection: Level '/Game/FirstPersonBP/Maps/FirstPersonExampleMap.FirstPersonExampleMap:PersistentLevel' has LevelScriptBlueprint '/Game/FirstPersonBP/Maps/FirstPersonExampleMap.FirstPersonExampleMap:PersistentLevel.FirstPersonExampleMap' with GeneratedClass '/Game/FirstPersonBP/Maps/FirstPersonExampleMap.FirstPersonExampleMap_C' with ClassGeneratedBy '/Game/FirstPersonBP/Maps/FirstPersonExampleMap.FirstPersonExampleMap:PersistentLevel.FirstPersonExampleMap'
[2016.06.16-02.46.00:368][ 19]BlueprintLog: New page: Pre-Play auto-recompile
[2016.06.16-02.46.00:377][ 19]LogActorComponent: UnregisterComponent: (/Engine/Transient.CharMoveComp) Not registered. Aborting.
[2016.06.16-02.46.00:389][ 19]LogPlayLevel: [PlayLevel] Compiling FirstPersonCharacter before play...
[2016.06.16-02.46.00:860][ 19]LogSavePackage: Save=278.49ms
[2016.06.16-02.46.00:860][ 19]LogSavePackage: Moving '../../../../../../Users/Kevin/Documents/GitHub/Videojuegos_3/Videojuegos3/Saved/FirstPersonCharacter4DA20BB24D7805E7ECC4B2851880227D.tmp' to '../../../../../../Users/Kevin/Documents/GitHub/Videojuegos_3/Videojuegos3/Content/FirstPersonBP/Blueprints/FirstPersonCharacter.uasset'
[2016.06.16-02.46.00:865][ 19]LogSavePackage: Total save time: 285.41ms
[2016.06.16-02.46.00:865][ 19]LogSavePackage:Display: Finished SavePackage ../../../../../../Users/Kevin/Documents/GitHub/Videojuegos_3/Videojuegos3/Content/FirstPersonBP/Blueprints/FirstPersonCharacter.uasset
[2016.06.16-02.46.00:867][ 19]LogPlayLevel: PlayLevel: Blueprint regeneration took 499 ms (1 blueprints)
[2016.06.16-02.46.00:867][ 19]LogActorComponent: UnregisterComponent: (/Engine/Transient.CharacterMovementComponent_4) Not registered. Aborting.
[2016.06.16-02.46.00:910][ 19]PIE: New page: Sesión PIE (reproducción en el editor): FirstPersonExampleMap (15/06/2016 15:46:00)
[2016.06.16-02.46.00:910][ 19]LogPlayLevel: Creating play world package: /Game/FirstPersonBP/Maps/UEDPIE_0_FirstPersonExampleMap
[2016.06.16-02.46.00:941][ 19]LogPlayLevel: PIE: StaticDuplicateObject took: (0.030779s)
[2016.06.16-02.46.00:942][ 19]LogAIModule: Creating AISystem for world FirstPersonExampleMap
[2016.06.16-02.46.00:943][ 19]LogPlayLevel: PIE: World Init took: (0.001143s)
[2016.06.16-02.46.00:943][ 19]LogPlayLevel: PIE: Created PIE world by copying editor world from /Game/FirstPersonBP/Maps/FirstPersonExampleMap.FirstPersonExampleMap to /Game/FirstPersonBP/Maps/UEDPIE_0_FirstPersonExampleMap.FirstPersonExampleMap (0.032290s)
[2016.06.16-02.46.00:983][ 19]LogInit: XAudio2 using 'Altavoces (Realtek High Definition Audio)' : 2 channels at 48 kHz using 32 bits per sample (channel mask 0x3)
[2016.06.16-02.46.00:995][ 19]LogInit: FAudioDevice initialized.
[2016.06.16-02.46.01:028][ 19]LogWorld: Game class is 'FirstPersonGameMode_C'
[2016.06.16-02.46.01:039][ 19]LogWorld: Bringing World /Game/FirstPersonBP/Maps/UEDPIE_0_FirstPersonExampleMap.FirstPersonExampleMap up for play (max tick rate 0) at 2016.06.15-21.46.01
[2016.06.16-02.46.01:041][ 19]LogWorld: Bringing up level for play took: 0.011684
[2016.06.16-02.46.01:044][ 19]PIE: Información Tiempo de inicio de la reproducción en el editor para  /Game/FirstPersonBP/Maps/UEDPIE_0_FirstPersonExampleMap 0.022
[2016.06.16-02.46.01:044][ 19]LogBlueprintUserMessages: Late PlayInEditor Detection: Level '/Game/FirstPersonBP/Maps/FirstPersonExampleMap.FirstPersonExampleMap:PersistentLevel' has LevelScriptBlueprint '/Game/FirstPersonBP/Maps/FirstPersonExampleMap.FirstPersonExampleMap:PersistentLevel.FirstPersonExampleMap' with GeneratedClass '/Game/FirstPersonBP/Maps/FirstPersonExampleMap.FirstPersonExampleMap_C' with ClassGeneratedBy '/Game/FirstPersonBP/Maps/FirstPersonExampleMap.FirstPersonExampleMap:PersistentLevel.FirstPersonExampleMap'
[2016.06.16-02.46.01:656][ 48]LogBlueprintUserMessages: Early EndPlayMap Detection: Level '/Game/FirstPersonBP/Maps/FirstPersonExampleMap.FirstPersonExampleMap:PersistentLevel' has LevelScriptBlueprint '/Game/FirstPersonBP/Maps/FirstPersonExampleMap.FirstPersonExampleMap:PersistentLevel.FirstPersonExampleMap' with GeneratedClass '/Game/FirstPersonBP/Maps/FirstPersonExampleMap.FirstPersonExampleMap_C' with ClassGeneratedBy '/Game/FirstPersonBP/Maps/FirstPersonExampleMap.FirstPersonExampleMap:PersistentLevel.FirstPersonExampleMap'
[2016.06.16-02.46.01:707][ 48]LogBlueprintUserMessages: Late EndPlayMap Detection: Level '/Game/FirstPersonBP/Maps/FirstPersonExampleMap.FirstPersonExampleMap:PersistentLevel' has LevelScriptBlueprint '/Game/FirstPersonBP/Maps/FirstPersonExampleMap.FirstPersonExampleMap:PersistentLevel.FirstPersonExampleMap' with GeneratedClass '/Game/FirstPersonBP/Maps/FirstPersonExampleMap.FirstPersonExampleMap_C' with ClassGeneratedBy '/Game/FirstPersonBP/Maps/FirstPersonExampleMap.FirstPersonExampleMap:PersistentLevel.FirstPersonExampleMap'
[2016.06.16-02.46.01:707][ 48]LogActorComponent: UnregisterComponent: (/Engine/Transient.CharMoveComp) Not registered. Aborting.
[2016.06.16-02.47.08:948][445]LogSavePackage: Save=7120.92ms
[2016.06.16-02.47.08:948][445]LogSavePackage: Moving '../../../../../../Users/Kevin/Documents/GitHub/Videojuegos_3/Videojuegos3/Saved/FirstPersonExampleMap_Auto17C31FA224C31210C79743AB146093EA4.tmp' to '../../../../../../Users/Kevin/Documents/GitHub/Videojuegos_3/Videojuegos3/Saved/Autosaves/Game/FirstPersonBP/Maps/FirstPersonExampleMap_Auto1.umap'
[2016.06.16-02.47.08:951][445]LogSavePackage: Total save time: 7301.36ms
[2016.06.16-02.47.08:951][445]LogSavePackage:Display: Finished SavePackage ../../../../../../Users/Kevin/Documents/GitHub/Videojuegos_3/Videojuegos3/Saved/Autosaves/Game/FirstPersonBP/Maps/FirstPersonExampleMap_Auto1.umap
[2016.06.16-02.47.08:979][445]LogFileHelpers: Editor autosave (incl. sublevels) for '/Game/FirstPersonBP/Maps/FirstPersonExampleMap' took 7.460
[2016.06.16-02.47.08:980][445]LogFileHelpers: Editor autosave (incl. sublevels) for all levels took 7.460
[2016.06.16-02.52.53:198][345]LogProperty:Warning: ObjectProperty /Script/Engine.EdGraphPin:LinkedTo.LinkedTo: unresolved reference to 'EdGraphPin'K2Node_VariableGet_148.EdGraphPin_3231''
[2016.06.16-02.53.46:423][325]BlueprintLog: New page: Compilar FirstPersonCharacter
[2016.06.16-02.53.46:521][325]LogActorComponent: UnregisterComponent: (/Engine/Transient.ProjectileMovementComponent_40__A6522401) Not registered. Aborting.
[2016.06.16-02.53.46:521][325]LogActorComponent: UnregisterComponent: (/Engine/Transient.CharMoveComp) Not registered. Aborting.
[2016.06.16-02.53.47:106][325]LogSavePackage: Save=383.47ms
[2016.06.16-02.53.47:106][325]LogSavePackage: Moving '../../../../../../Users/Kevin/Documents/GitHub/Videojuegos_3/Videojuegos3/Saved/FirstPersonCharacterC502CB54475F67B321C38D958E6BA4CD.tmp' to '../../../../../../Users/Kevin/Documents/GitHub/Videojuegos_3/Videojuegos3/Content/FirstPersonBP/Blueprints/FirstPersonCharacter.uasset'
[2016.06.16-02.53.47:111][325]LogSavePackage: Total save time: 399.81ms
[2016.06.16-02.53.47:111][325]LogSavePackage:Display: Finished SavePackage ../../../../../../Users/Kevin/Documents/GitHub/Videojuegos_3/Videojuegos3/Content/FirstPersonBP/Blueprints/FirstPersonCharacter.uasset
[2016.06.16-02.53.47:115][325]BlueprintEditorCompileResults: Información [1205.34] Compile of FirstPersonCharacter successful! [in 691 ms]
[2016.06.16-02.53.52:762][674]LogBlueprintUserMessages: Early PlayInEditor Detection: Level '/Game/FirstPersonBP/Maps/FirstPersonExampleMap.FirstPersonExampleMap:PersistentLevel' has LevelScriptBlueprint '/Game/FirstPersonBP/Maps/FirstPersonExampleMap.FirstPersonExampleMap:PersistentLevel.FirstPersonExampleMap' with GeneratedClass '/Game/FirstPersonBP/Maps/FirstPersonExampleMap.FirstPersonExampleMap_C' with ClassGeneratedBy '/Game/FirstPersonBP/Maps/FirstPersonExampleMap.FirstPersonExampleMap:PersistentLevel.FirstPersonExampleMap'
[2016.06.16-02.53.52:762][674]LogPlayLevel: PlayLevel: No blueprints needed recompiling
[2016.06.16-02.53.52:763][674]PIE: New page: Sesión PIE (reproducción en el editor): FirstPersonExampleMap (15/06/2016 15:53:52)
[2016.06.16-02.53.52:763][674]LogPlayLevel: Creating play world package: /Game/FirstPersonBP/Maps/UEDPIE_0_FirstPersonExampleMap
[2016.06.16-02.53.52:810][674]LogPlayLevel: PIE: StaticDuplicateObject took: (0.046705s)
[2016.06.16-02.53.52:811][674]LogAIModule: Creating AISystem for world FirstPersonExampleMap
[2016.06.16-02.53.52:811][674]LogPlayLevel: PIE: World Init took: (0.001760s)
[2016.06.16-02.53.52:812][674]LogPlayLevel: PIE: Created PIE world by copying editor world from /Game/FirstPersonBP/Maps/FirstPersonExampleMap.FirstPersonExampleMap to /Game/FirstPersonBP/Maps/UEDPIE_0_FirstPersonExampleMap.FirstPersonExampleMap (0.048894s)
[2016.06.16-02.53.52:812][674]LogActorComponent: UnregisterComponent: (/Engine/Transient.CharMoveComp) Not registered. Aborting.
[2016.06.16-02.53.52:875][674]LogInit: XAudio2 using 'Altavoces (Realtek High Definition Audio)' : 2 channels at 48 kHz using 32 bits per sample (channel mask 0x3)
[2016.06.16-02.53.52:897][674]LogInit: FAudioDevice initialized.
[2016.06.16-02.53.52:933][674]LogWorld: Game class is 'FirstPersonGameMode_C'
[2016.06.16-02.53.52:941][674]LogWorld: Bringing World /Game/FirstPersonBP/Maps/UEDPIE_0_FirstPersonExampleMap.FirstPersonExampleMap up for play (max tick rate 0) at 2016.06.15-21.53.52
[2016.06.16-02.53.52:942][674]LogWorld: Bringing up level for play took: 0.008264
[2016.06.16-02.53.52:943][674]PIE: Información Tiempo de inicio de la reproducción en el editor para  /Game/FirstPersonBP/Maps/UEDPIE_0_FirstPersonExampleMap -0.078
[2016.06.16-02.53.52:944][674]LogBlueprintUserMessages: Late PlayInEditor Detection: Level '/Game/FirstPersonBP/Maps/FirstPersonExampleMap.FirstPersonExampleMap:PersistentLevel' has LevelScriptBlueprint '/Game/FirstPersonBP/Maps/FirstPersonExampleMap.FirstPersonExampleMap:PersistentLevel.FirstPersonExampleMap' with GeneratedClass '/Game/FirstPersonBP/Maps/FirstPersonExampleMap.FirstPersonExampleMap_C' with ClassGeneratedBy '/Game/FirstPersonBP/Maps/FirstPersonExampleMap.FirstPersonExampleMap:PersistentLevel.FirstPersonExampleMap'
[2016.06.16-02.54.38:776][621]LogBlueprintUserMessages: Early EndPlayMap Detection: Level '/Game/FirstPersonBP/Maps/FirstPersonExampleMap.FirstPersonExampleMap:PersistentLevel' has LevelScriptBlueprint '/Game/FirstPersonBP/Maps/FirstPersonExampleMap.FirstPersonExampleMap:PersistentLevel.FirstPersonExampleMap' with GeneratedClass '/Game/FirstPersonBP/Maps/FirstPersonExampleMap.FirstPersonExampleMap_C' with ClassGeneratedBy '/Game/FirstPersonBP/Maps/FirstPersonExampleMap.FirstPersonExampleMap:PersistentLevel.FirstPersonExampleMap'
[2016.06.16-02.54.38:843][621]LogBlueprintUserMessages: Late EndPlayMap Detection: Level '/Game/FirstPersonBP/Maps/FirstPersonExampleMap.FirstPersonExampleMap:PersistentLevel' has LevelScriptBlueprint '/Game/FirstPersonBP/Maps/FirstPersonExampleMap.FirstPersonExampleMap:PersistentLevel.FirstPersonExampleMap' with GeneratedClass '/Game/FirstPersonBP/Maps/FirstPersonExampleMap.FirstPersonExampleMap_C' with ClassGeneratedBy '/Game/FirstPersonBP/Maps/FirstPersonExampleMap.FirstPersonExampleMap:PersistentLevel.FirstPersonExampleMap'
[2016.06.16-02.54.50:278][826]LogSavePackage: Save=6060.71ms
[2016.06.16-02.54.50:278][826]LogSavePackage: Moving '../../../../../../Users/Kevin/Documents/GitHub/Videojuegos_3/Videojuegos3/Saved/FirstPersonExampleMap70F14C7F43C394D94C82A5B5A6E38795.tmp' to '../../../../../../Users/Kevin/Documents/GitHub/Videojuegos_3/Videojuegos3/Content/FirstPersonBP/Maps/FirstPersonExampleMap.umap'
[2016.06.16-02.54.50:308][826]LogSavePackage: Total save time: 6122.42ms
[2016.06.16-02.54.50:308][826]LogSavePackage:Display: Finished SavePackage ../../../../../../Users/Kevin/Documents/GitHub/Videojuegos_3/Videojuegos3/Content/FirstPersonBP/Maps/FirstPersonExampleMap.umap
[2016.06.16-02.54.50:404][826]LogFileHelpers: Saving map 'FirstPersonExampleMap' took 6.371
[2016.06.16-02.54.50:541][826]LogWindowsTextInputMethodSystem:Display: IME system now deactivated.
[2016.06.16-02.54.50:879][827]Cmd: QUIT_EDITOR
[2016.06.16-02.54.51:837][827]LogExit: Preparing to exit.
[2016.06.16-02.54.52:942][827]LogExit: Editor shut down
[2016.06.16-02.54.52:945][827]LogExit: Transaction tracking system shut down
[2016.06.16-02.54.53:652][827]LogObj: Freed 0b from 0 cluster array pools.
[2016.06.16-02.54.53:653][827]LogExit: Object subsystem successfully closed.
[2016.06.16-02.54.53:683][827]LogD3D11RHI: Shutdown
[2016.06.16-02.54.53:683][827]LogD3D11RHI: CleanupD3DDevice
[2016.06.16-02.54.53:821][827]LogD3D11RHI: ~FD3D11DynamicRHI
[2016.06.16-02.54.53:887][827]LogDerivedDataCache: Shutdown
[2016.06.16-02.54.53:888][827]LogModuleManager: Shutting down and abandoning module BlueprintGraph (206)
[2016.06.16-02.54.53:888][827]LogModuleManager: Shutting down and abandoning module MovieSceneCapture (205)
[2016.06.16-02.54.53:888][827]LogModuleManager: Shutting down and abandoning module HierarchicalLODOutliner (204)
[2016.06.16-02.54.53:888][827]LogModuleManager: Shutting down and abandoning module CrashTracker (203)
[2016.06.16-02.54.53:888][827]LogModuleManager: Shutting down and abandoning module SceneOutliner (202)
[2016.06.16-02.54.53:888][827]LogModuleManager: Shutting down and abandoning module SuperSearch (201)
[2016.06.16-02.54.53:888][827]LogModuleManager: Shutting down and abandoning module WidgetCarousel (200)
[2016.06.16-02.54.53:888][827]LogModuleManager: Shutting down and abandoning module AddContentDialog (199)
[2016.06.16-02.54.53:912][827]LogModuleManager: Shutting down and abandoning module GameplayTags (198)
[2016.06.16-02.54.53:912][827]LogModuleManager: Shutting down and abandoning module EditorWidgets (197)
[2016.06.16-02.54.53:912][827]LogModuleManager: Shutting down and abandoning module CollectionManager (196)
[2016.06.16-02.54.53:913][827]LogModuleManager: Shutting down and abandoning module StatsViewer (195)
[2016.06.16-02.54.53:914][827]LogModuleManager: Shutting down and abandoning module FoliageEdit (194)
[2016.06.16-02.54.53:914][827]LogModuleManager: Shutting down and abandoning module LandscapeEditor (193)
[2016.06.16-02.54.53:915][827]LogModuleManager: Shutting down and abandoning module ActorPickerMode (192)
[2016.06.16-02.54.53:915][827]LogModuleManager: Shutting down and abandoning module GeometryMode (191)
[2016.06.16-02.54.53:915][827]LogModuleManager: Shutting down and abandoning module TextureAlignMode (190)
[2016.06.16-02.54.53:915][827]LogModuleManager: Shutting down and abandoning module BspMode (189)
[2016.06.16-02.54.53:915][827]LogModuleManager: Shutting down and abandoning module PlacementMode (188)
[2016.06.16-02.54.53:915][827]LogModuleManager: Shutting down and abandoning module AutomationWorker (187)
[2016.06.16-02.54.53:915][827]LogModuleManager: Shutting down and abandoning module CharacterAI (186)
[2016.06.16-02.54.53:915][827]LogModuleManager: Shutting down and abandoning module SmartSnapping (185)
[2016.06.16-02.54.53:915][827]LogModuleManager: Shutting down and abandoning module ViewportSnapping (184)
[2016.06.16-02.54.53:916][827]LogModuleManager: Shutting down and abandoning module LogVisualizer (183)
[2016.06.16-02.54.53:916][827]LogModuleManager: Shutting down and abandoning module GameProjectGeneration (182)
[2016.06.16-02.54.53:916][827]LogModuleManager: Shutting down and abandoning module IntroTutorials (181)
[2016.06.16-02.54.53:917][827]LogModuleManager: Shutting down and abandoning module EditorLiveStreaming (180)
[2016.06.16-02.54.53:917][827]LogModuleManager: Shutting down and abandoning module IOSPlatformEditor (179)
[2016.06.16-02.54.53:917][827]LogModuleManager: Shutting down and abandoning module HTML5PlatformEditor (178)
[2016.06.16-02.54.53:917][827]LogModuleManager: Shutting down and abandoning module AndroidDeviceDetection (177)
[2016.06.16-02.54.54:572][827]LogModuleManager: Shutting down and abandoning module AndroidPlatformEditor (176)
[2016.06.16-02.54.54:572][827]LogModuleManager: Shutting down and abandoning module IOSRuntimeSettings (175)
[2016.06.16-02.54.54:572][827]LogModuleManager: Shutting down and abandoning module AndroidRuntimeSettings (174)
[2016.06.16-02.54.54:572][827]LogModuleManager: Shutting down and abandoning module MergeActors (173)
[2016.06.16-02.54.54:572][827]LogModuleManager: Shutting down and abandoning module SizeMap (172)
[2016.06.16-02.54.54:572][827]LogModuleManager: Shutting down and abandoning module TreeMap (171)
[2016.06.16-02.54.54:572][827]LogModuleManager: Shutting down and abandoning module ReferenceViewer (170)
[2016.06.16-02.54.54:572][827]LogModuleManager: Shutting down and abandoning module LocalizationService (169)
[2016.06.16-02.54.54:572][827]LogModuleManager: Shutting down and abandoning module LocalizationDashboard (168)
[2016.06.16-02.54.54:573][827]LogModuleManager: Shutting down and abandoning module HardwareTargeting (167)
[2016.06.16-02.54.54:573][827]LogModuleManager: Shutting down and abandoning module DeviceProfileEditor (166)
[2016.06.16-02.54.54:573][827]LogModuleManager: Shutting down and abandoning module UndoHistory (165)
[2016.06.16-02.54.54:573][827]LogModuleManager: Shutting down and abandoning module UserFeedback (164)
[2016.06.16-02.54.54:573][827]LogModuleManager: Shutting down and abandoning module XmlParser (163)
[2016.06.16-02.54.54:573][827]LogModuleManager: Shutting down and abandoning module Blutility (162)
[2016.06.16-02.54.54:573][827]LogModuleManager: Shutting down and abandoning module ProjectTargetPlatformEditor (161)
[2016.06.16-02.54.54:574][827]LogModuleManager: Shutting down and abandoning module ProjectSettingsViewer (160)
[2016.06.16-02.54.54:574][827]LogModuleManager: Shutting down and abandoning module InputBindingEditor (159)
[2016.06.16-02.54.54:575][827]LogModuleManager: Shutting down and abandoning module EditorSettingsViewer (158)
[2016.06.16-02.54.54:575][827]LogModuleManager: Shutting down and abandoning module SettingsEditor (157)
[2016.06.16-02.54.54:575][827]LogModuleManager: Shutting down and abandoning module ProjectLauncher (156)
[2016.06.16-02.54.54:575][827]LogModuleManager: Shutting down and abandoning module SessionFrontend (155)
[2016.06.16-02.54.54:575][827]LogModuleManager: Shutting down and abandoning module ProfilerClient (154)
[2016.06.16-02.54.54:575][827]LogModuleManager: Shutting down and abandoning module TargetDeviceServices (153)
[2016.06.16-02.54.54:575][827]LogModuleManager: Shutting down and abandoning module DeviceManager (152)
[2016.06.16-02.54.54:610][827]LogModuleManager: Shutting down and abandoning module AutomationController (151)
[2016.06.16-02.54.54:610][827]LogModuleManager: Shutting down and abandoning module AutomationWindow (150)
[2016.06.16-02.54.54:610][827]LogModuleManager: Shutting down and abandoning module Layers (149)
[2016.06.16-02.54.54:610][827]LogModuleManager: Shutting down and abandoning module ComponentVisualizers (148)
[2016.06.16-02.54.54:610][827]LogModuleManager: Shutting down and abandoning module DetailCustomizations (147)
[2016.06.16-02.54.54:610][827]LogModuleManager: Shutting down and abandoning module PackagesDialog (146)
[2016.06.16-02.54.54:611][827]LogModuleManager: Shutting down and abandoning module Persona (145)
[2016.06.16-02.54.54:611][827]LogModuleManager: Shutting down and abandoning module Kismet (144)
[2016.06.16-02.54.54:611][827]LogModuleManager: Shutting down and abandoning module GraphEditor (143)
[2016.06.16-02.54.54:611][827]LogModuleManager: Shutting down and abandoning module ClassViewer (142)
[2016.06.16-02.54.54:611][827]LogModuleManager: Shutting down and abandoning module Toolbox (141)
[2016.06.16-02.54.54:611][827]LogModuleManager: Shutting down and abandoning module ModuleUI (140)
[2016.06.16-02.54.54:611][827]LogModuleManager: Shutting down and abandoning module MovieSceneTools (139)
[2016.06.16-02.54.54:611][827]LogModuleManager: Shutting down and abandoning module OutputLog (138)
[2016.06.16-02.54.54:612][827]LogModuleManager: Shutting down and abandoning module GammaUI (137)
[2016.06.16-02.54.54:612][827]LogModuleManager: Shutting down and abandoning module Documentation (136)
[2016.06.16-02.54.54:613][827]LogModuleManager: Shutting down and abandoning module StreamingPauseRendering (135)
[2016.06.16-02.54.54:613][827]LogModuleManager: Shutting down and abandoning module AnalyticsET (134)
[2016.06.16-02.54.54:613][827]LogModuleManager: Shutting down and abandoning module Analytics (133)
[2016.06.16-02.54.54:613][827]LogModuleManager: Shutting down and abandoning module PortalServices (132)
[2016.06.16-02.54.54:613][827]LogModuleManager: Shutting down and abandoning module PortalRpc (131)
[2016.06.16-02.54.54:613][827]LogModuleManager: Shutting down and abandoning module MessagingRpc (130)
[2016.06.16-02.54.54:613][827]LogModuleManager: Shutting down and abandoning module AITestSuite (129)
[2016.06.16-02.54.54:613][827]LogModuleManager: Shutting down and abandoning module GameplayDebugger (128)
[2016.06.16-02.54.54:613][827]LogModuleManager: Shutting down and abandoning module AIModule (127)
[2016.06.16-02.54.54:613][827]LogModuleManager: Shutting down and abandoning module ProfilerService (126)
[2016.06.16-02.54.54:831][827]LogModuleManager: Shutting down and abandoning module TaskGraph (125)
[2016.06.16-02.54.54:831][827]LogModuleManager: Shutting down and abandoning module SlateRemote (124)
[2016.06.16-02.54.54:832][827]LogModuleManager: Shutting down and abandoning module SteamVRController (123)
[2016.06.16-02.54.54:832][827]LogModuleManager: Shutting down and abandoning module SteamVR (122)
[2016.06.16-02.54.54:832][827]LogModuleManager: Shutting down and abandoning module ProceduralMeshComponent (121)
[2016.06.16-02.54.54:832][827]LogModuleManager: Shutting down and abandoning module OculusLibrary (120)
[2016.06.16-02.54.54:832][827]LogModuleManager: Shutting down and abandoning module OculusInput (119)
[2016.06.16-02.54.54:832][827]LogModuleManager: Shutting down and abandoning module CustomMeshComponent (118)
[2016.06.16-02.54.54:832][827]LogModuleManager: Shutting down and abandoning module CableComponent (117)
[2016.06.16-02.54.54:832][827]LogModuleManager: Shutting down and abandoning module ArchVisCharacter (116)
[2016.06.16-02.54.54:832][827]LogModuleManager: Shutting down and abandoning module MediaPlayerEditor (115)
[2016.06.16-02.54.54:832][827]LogModuleManager: Shutting down and abandoning module HTML5Networking (114)
[2016.06.16-02.54.54:832][827]LogModuleManager: Shutting down and abandoning module SpeedTreeImporter (113)
[2016.06.16-02.54.54:832][827]LogModuleManager: Shutting down and abandoning module PluginBrowser (112)
[2016.06.16-02.54.54:832][827]LogModuleManager: Shutting down and abandoning module EpicSurvey (111)
[2016.06.16-02.54.54:832][827]LogModuleManager: Shutting down and abandoning module DesktopPlatform (110)
[2016.06.16-02.54.54:832][827]LogModuleManager: Shutting down and abandoning module VisualStudioSourceCodeAccess (109)
[2016.06.16-02.54.54:832][827]LogModuleManager: Shutting down and abandoning module UObjectPlugin (108)
[2016.06.16-02.54.54:832][827]LogModuleManager: Shutting down and abandoning module SubversionSourceControl (107)
[2016.06.16-02.54.54:833][827]LogModuleManager: Shutting down and abandoning module PerforceSourceControl (106)
[2016.06.16-02.54.54:833][827]LogModuleManager: Shutting down and abandoning module SourceControl (105)
[2016.06.16-02.54.54:833][827]LogModuleManager: Shutting down and abandoning module GitSourceControl (104)
[2016.06.16-02.54.54:833][827]LogModuleManager: Shutting down and abandoning module LightPropagationVolumeEditor (103)
[2016.06.16-02.54.54:833][827]LogModuleManager: Shutting down and abandoning module PaperTiledImporter (102)
[2016.06.16-02.54.54:833][827]LogModuleManager: Shutting down and abandoning module PaperSpriteSheetImporter (101)
[2016.06.16-02.54.54:833][827]LogModuleManager: Shutting down and abandoning module MeshPaint (100)
[2016.06.16-02.54.54:833][827]LogModuleManager: Shutting down and abandoning module HotReload (99)
[2016.06.16-02.54.54:834][827]LogModuleManager: Shutting down and abandoning module MainFrame (98)
[2016.06.16-02.54.54:834][827]LogModuleManager: Shutting down and abandoning module LevelEditor (97)
[2016.06.16-02.54.54:838][827]LogModuleManager: Shutting down and abandoning module DirectoryWatcher (96)
[2016.06.16-02.54.54:857][827]LogModuleManager: Shutting down and abandoning module AssetRegistry (95)
[2016.06.16-02.54.55:125][827]LogModuleManager: Shutting down and abandoning module ContentBrowser (94)
[2016.06.16-02.54.55:127][827]LogModuleManager: Shutting down and abandoning module Paper2DEditor (93)
[2016.06.16-02.54.55:128][827]LogModuleManager: Shutting down and abandoning module UdpMessaging (92)
[2016.06.16-02.54.55:228][827]LogModuleManager: Shutting down and abandoning module LightPropagationVolumeRuntime (91)
[2016.06.16-02.54.55:228][827]LogModuleManager: Shutting down and abandoning module Paper2D (90)
[2016.06.16-02.54.55:228][827]LogModuleManager: Shutting down and abandoning module WindowsMoviePlayer (89)
[2016.06.16-02.54.55:228][827]LogModuleManager: Shutting down and abandoning module Media (88)
[2016.06.16-02.54.55:228][827]LogModuleManager: Shutting down and abandoning module WmfMedia (87)
[2016.06.16-02.54.55:229][827]LogModuleManager: Shutting down and abandoning module MediaAssets (86)
[2016.06.16-02.54.55:229][827]LogModuleManager: Shutting down and abandoning module GameLiveStreaming (85)
[2016.06.16-02.54.55:229][827]LogModuleManager: Shutting down and abandoning module GameplayTagsEditor (84)
[2016.06.16-02.54.55:229][827]LogModuleManager: Shutting down and abandoning module OnlineBlueprintSupport (83)
[2016.06.16-02.54.55:229][827]LogModuleManager: Shutting down and abandoning module GameplayTasksEditor (82)
[2016.06.16-02.54.55:229][827]LogModuleManager: Shutting down and abandoning module PropertyEditor (81)
[2016.06.16-02.54.55:229][827]LogModuleManager: Shutting down and abandoning module BehaviorTreeEditor (80)
[2016.06.16-02.54.55:229][827]LogModuleManager: Shutting down and abandoning module FunctionalTesting (79)
[2016.06.16-02.54.55:229][827]LogModuleManager: Shutting down and abandoning module CollisionAnalyzer (78)
[2016.06.16-02.54.55:229][827]LogModuleManager: Shutting down and abandoning module WorkspaceMenuStructure (77)
[2016.06.16-02.54.55:229][827]LogModuleManager: Shutting down and abandoning module MessageLog (76)
[2016.06.16-02.54.55:230][827]LogModuleManager: Shutting down and abandoning module Sequencer (75)
[2016.06.16-02.54.55:230][827]LogModuleManager: Shutting down and abandoning module AssetTools (74)
[2016.06.16-02.54.55:230][827]LogModuleManager: Shutting down and abandoning module UMGEditor (73)
[2016.06.16-02.54.55:230][827]LogModuleManager: Shutting down and abandoning module UMG (72)
[2016.06.16-02.54.55:230][827]LogModuleManager: Shutting down and abandoning module SlateReflector (71)
[2016.06.16-02.54.55:230][827]LogModuleManager: Shutting down and abandoning module Slate (70)
[2016.06.16-02.54.55:230][827]LogModuleManager: Shutting down and abandoning module EditorStyle (69)
[2016.06.16-02.54.55:240][827]LogModuleManager: Shutting down and abandoning module SessionServices (68)
[2016.06.16-02.54.55:240][827]LogModuleManager: Shutting down and abandoning module SourceCodeAccess (67)
[2016.06.16-02.54.55:240][827]LogModuleManager: Shutting down and abandoning module HeadMountedDisplay (66)
[2016.06.16-02.54.55:240][827]LogModuleManager: Shutting down and abandoning module XAudio2 (65)
[2016.06.16-02.54.55:240][827]LogModuleManager: Shutting down and abandoning module Networking (63)
[2016.06.16-02.54.55:241][827]LogModuleManager: Shutting down and abandoning module Core (62)
[2016.06.16-02.54.55:241][827]LogModuleManager: Shutting down and abandoning module KismetCompiler (61)
[2016.06.16-02.54.55:241][827]LogModuleManager: Shutting down and abandoning module PhysXFormats (60)
[2016.06.16-02.54.55:241][827]LogModuleManager: Shutting down and abandoning module MeshUtilities (59)
[2016.06.16-02.54.55:241][827]LogModuleManager: Shutting down and abandoning module CookingStats (58)
[2016.06.16-02.54.55:241][827]LogModuleManager: Shutting down and abandoning module DerivedDataCache (57)
[2016.06.16-02.54.55:241][827]LogDerivedDataCache: Shutdown
[2016.06.16-02.54.55:241][827]LogModuleManager: Shutting down and abandoning module ShaderFormatOpenGL (56)
[2016.06.16-02.54.55:241][827]LogModuleManager: Shutting down and abandoning module ShaderFormatD3D (55)
[2016.06.16-02.54.55:241][827]LogModuleManager: Shutting down and abandoning module MetalShaderFormat (54)
[2016.06.16-02.54.55:241][827]LogModuleManager: Shutting down and abandoning module TextureFormatUncompressed (53)
[2016.06.16-02.54.55:241][827]LogModuleManager: Shutting down and abandoning module TextureFormatPVR (52)
[2016.06.16-02.54.55:241][827]LogModuleManager: Shutting down and abandoning module TextureFormatIntelISPCTexComp (51)
[2016.06.16-02.54.55:241][827]LogModuleManager: Shutting down and abandoning module TextureFormatDXT (50)
[2016.06.16-02.54.55:241][827]LogModuleManager: Shutting down and abandoning module ImageWrapper (49)
[2016.06.16-02.54.55:242][827]LogModuleManager: Shutting down and abandoning module TextureFormatASTC (48)
[2016.06.16-02.54.55:242][827]LogModuleManager: Shutting down and abandoning module TextureFormatAndroid (47)
[2016.06.16-02.54.55:242][827]LogModuleManager: Shutting down and abandoning module AudioFormatOpus (46)
[2016.06.16-02.54.55:242][827]LogModuleManager: Shutting down and abandoning module AudioFormatOgg (45)
[2016.06.16-02.54.55:242][827]LogModuleManager: Shutting down and abandoning module AudioFormatADPCM (44)
[2016.06.16-02.54.55:242][827]LogModuleManager: Shutting down and abandoning module LinuxTargetPlatform (43)
[2016.06.16-02.54.55:242][827]LogModuleManager: Shutting down and abandoning module LinuxServerTargetPlatform (42)
[2016.06.16-02.54.55:242][827]LogModuleManager: Shutting down and abandoning module LinuxNoEditorTargetPlatform (41)
[2016.06.16-02.54.55:242][827]LogModuleManager: Shutting down and abandoning module TVOSTargetPlatform (40)
[2016.06.16-02.54.55:242][827]LogModuleManager: Shutting down and abandoning module Messaging (39)
[2016.06.16-02.54.55:242][827]LogModuleManager: Shutting down and abandoning module IOSTargetPlatform (38)
[2016.06.16-02.54.55:242][827]LogModuleManager: Shutting down and abandoning module HTML5TargetPlatform (37)
[2016.06.16-02.54.55:242][827]LogModuleManager: Shutting down and abandoning module Android_PVRTCTargetPlatform (36)
[2016.06.16-02.54.55:242][827]LogModuleManager: Shutting down and abandoning module Android_MultiTargetPlatform (35)
[2016.06.16-02.54.55:242][827]LogModuleManager: Shutting down and abandoning module Android_ETC2TargetPlatform (34)
[2016.06.16-02.54.55:243][827]LogModuleManager: Shutting down and abandoning module Android_ETC1TargetPlatform (33)
[2016.06.16-02.54.55:243][827]LogModuleManager: Shutting down and abandoning module Android_DXTTargetPlatform (32)
[2016.06.16-02.54.55:243][827]LogModuleManager: Shutting down and abandoning module Android_ATCTargetPlatform (31)
[2016.06.16-02.54.55:243][827]LogModuleManager: Shutting down and abandoning module Android_ASTCTargetPlatform (30)
[2016.06.16-02.54.55:243][827]LogModuleManager: Shutting down and abandoning module AndroidTargetPlatform (29)
[2016.06.16-02.54.55:243][827]LogModuleManager: Shutting down and abandoning module WindowsTargetPlatform (28)
[2016.06.16-02.54.55:243][827]LogModuleManager: Shutting down and abandoning module WindowsServerTargetPlatform (27)
[2016.06.16-02.54.55:243][827]LogModuleManager: Shutting down and abandoning module WindowsNoEditorTargetPlatform (26)
[2016.06.16-02.54.55:243][827]LogModuleManager: Shutting down and abandoning module WindowsClientTargetPlatform (25)
[2016.06.16-02.54.55:243][827]LogModuleManager: Shutting down and abandoning module AllDesktopTargetPlatform (24)
[2016.06.16-02.54.55:243][827]LogModuleManager: Shutting down and abandoning module TargetPlatform (23)
[2016.06.16-02.54.55:244][827]LogModuleManager: Shutting down and abandoning module InputCore (22)
[2016.06.16-02.54.55:244][827]LogModuleManager: Shutting down and abandoning module Settings (21)
[2016.06.16-02.54.55:244][827]LogModuleManager: Shutting down and abandoning module OnlineSubsystem (19)
[2016.06.16-02.54.55:244][827]LogModuleManager: Shutting down and abandoning module HTTP (18)
[2016.06.16-02.54.56:753][827]LogModuleManager: Shutting down and abandoning module XMPP (17)
[2016.06.16-02.54.56:753][827]LogModuleManager: Shutting down and abandoning module OculusRift (16)
[2016.06.16-02.54.56:753][827]LogModuleManager: Shutting down and abandoning module ExampleDeviceProfileSelector (15)
[2016.06.16-02.54.56:754][827]LogModuleManager: Shutting down and abandoning module TextureCompressor (14)
[2016.06.16-02.54.56:756][827]LogModuleManager: Shutting down and abandoning module ShaderCore (13)
[2016.06.16-02.54.56:756][827]LogModuleManager: Shutting down and abandoning module Landscape (12)
[2016.06.16-02.54.56:756][827]LogModuleManager: Shutting down and abandoning module SlateRHIRenderer (11)
[2016.06.16-02.54.56:801][827]LogModuleManager: Shutting down and abandoning module OpenGLDrv (10)
[2016.06.16-02.54.56:801][827]LogModuleManager: Shutting down and abandoning module D3D11RHI (9)
[2016.06.16-02.54.56:801][827]LogModuleManager: Shutting down and abandoning module AnimGraphRuntime (8)
[2016.06.16-02.54.56:801][827]LogModuleManager: Shutting down and abandoning module Renderer (7)
[2016.06.16-02.54.56:801][827]LogModuleManager: Shutting down and abandoning module Engine (6)
[2016.06.16-02.54.56:802][827]LogModuleManager: Shutting down and abandoning module CoreUObject (5)
[2016.06.16-02.54.56:802][827]LogModuleManager: Shutting down and abandoning module NetworkFile (4)
[2016.06.16-02.54.56:802][827]LogModuleManager: Shutting down and abandoning module StreamingFile (3)
[2016.06.16-02.54.56:802][827]LogModuleManager: Shutting down and abandoning module SandboxFile (2)
[2016.06.16-02.54.56:802][827]LogModuleManager: Shutting down and abandoning module PakFile (1)
[2016.06.16-02.54.56:803][827]LogExit: Exiting.
[2016.06.16-02.54.56:830][827]Log file closed, 06/15/16 21:54:56
